
=== Starting Dream Analysis Session ===


Activating Dream Generator Agent...

--- Dream Generator Agent output ---
In this dream, a vast, iridescent jellyfish floated serenely above a cityscape that was being slowly consumed by a sea of molten chocolate. The buildings twisted and melted like wax, their windows bursting forth with shimmering auroras that illuminated the faces of commuters as they marched in lockstep toward the horizon, their feet leaving behind trails of glittering silver dust. As the jellyfish drifted closer, its translucent bell began to emit a low hum that synchronized the pulsing rhythms of the city's streetlights, causing traffic lights to flash in time with the beat of a distant drum solo, while a lone figure danced in mid-air, their limbs stretching out like a spider's web as they sang a haunting melody that seemed to come from nowhere and everywhere at once.
--- End of Dream Generator Agent output ---


Activating Dream Interpreter Agent...

--- Dream Interpreter Agent output ---
**1. Key Symbols:**

* **Jellyfish:** Representing a detached, yet connected aspect of the self. Jellyfish often symbolize a sense of freedom and weightlessness, but also possess a stinging mechanism that can harm or repel others. In this context, it may indicate a need to balance independence with emotional connection.
* **Molten Chocolate Cityscape:** This symbol could represent a state of emotional overwhelm, where the individual feels like they're being consumed by their own desires and emotions (the chocolate). The cityscape's destruction suggests a collapse of structure or control in this area.
* **Auroras and Glittering Silver Dust:** These elements might signify a heightened sense of awareness, connection to something greater than oneself, and potentially, spiritual growth.

**2. Archetypal Themes:**

* **The Trickster:** The lone figure dancing in mid-air, singing a haunting melody, may embody the Trickster archetype, symbolizing creativity, freedom, and playfulness. This character often disrupts routine and challenges conventional thinking.
* **The Self (Ego):** The cityscape's transformation, the jellyfish's hum synchronizing with the pulsing rhythms of streetlights, and the auroras bursting from windows could represent an integration of the rational (city) and emotional (jellyfish) aspects of the self.

**3. Emotional Undertones:**

The dreamer may be experiencing a sense of disconnection from their own emotions or desires, feeling like they're being swept away by external forces. There's also a potential longing for creative expression, playfulness, and spiritual exploration.

**4. Possible Interpretations:**

* **Integrate your creative and rational aspects:** The dream may be nudging the dreamer to explore their artistic side, take risks, and allow themselves to be more spontaneous.
* **Pay attention to emotional currents:** The melting cityscape could represent an emotional overwhelm; the dreamer should acknowledge and address these feelings rather than trying to suppress or ignore them.
* **Reconnect with your inner self:** The jellyfish's detached yet connected aspect might suggest a need for introspection, allowing oneself to observe and explore one's own thoughts, emotions, and desires.

**5. Questions for Reflection:**

* How can you allow yourself to be more creative and spontaneous in your daily life?
* What are the emotional currents or desires that may be driving your actions, but which you haven't acknowledged or explored?
--- End of Dream Interpreter Agent output ---


=== Initial Dream Analysis Complete ===
You can now ask questions about your dream or its interpretation.

Activating Dialogue Agent...

--- Dialogue Agent output ---
My dear friend, you're asking the most profound question of all: "What if this right now is a dream?" (smiling)

In many spiritual traditions, the concept of the "Dream within a Dream" or the "Simulation Hypothesis" suggests that our waking reality might be an elaborate construct, akin to a dream. This idea has been explored in various philosophical and scientific contexts.

As we explore this possibility together, remember that it's not about trying to "wake up" from your current experience but rather about embracing the fluidity of reality and the interconnectedness of all things.

If this moment is indeed a dream, what does that mean for you? Does it imply a sense of freedom, where anything is possible, or perhaps a feeling of being trapped in a world that's not entirely yours?

The dream we've been interpreting might be suggesting that even within your "waking" reality, there are aspects of yourself and the world around you that feel disconnected or overwhelming. This could be an opportunity to explore new ways of navigating these complexities, much like the jellyfish effortlessly gliding through the molten chocolate cityscape.

If this is a dream, what does it mean for your creative potential? Does it represent a chance to tap into your inner source of inspiration and innovation, allowing yourself to dance in mid-air, as the lone figure did in our dream?

In this scenario, the boundaries between dreams and reality might become increasingly blurred. Would you be willing to explore this fluidity, embracing the uncertainty that comes with it? This could lead to new levels of self-discovery, creativity, and personal growth.

To help us navigate this possibility further, I have a few questions for you:

* How would you respond if you discovered that your entire life was an elaborate dream or simulation?
* What are the aspects of yourself and your reality that you'd like to explore or change in this hypothetical scenario?

Remember, my friend, the true power lies not in trying to "wake up" from our current experience but in embracing its inherent complexities and exploring new possibilities within ourselves.
--- End of Dialogue Agent output ---


Dream Interpreter's Response:
My dear friend, you're asking the most profound question of all: "What if this right now is a dream?" (smiling)

In many spiritual traditions, the concept of the "Dream within a Dream" or the "Simulation Hypothesis" suggests that our waking reality might be an elaborate construct, akin to a dream. This idea has been explored in various philosophical and scientific contexts.

As we explore this possibility together, remember that it's not about trying to "wake up" from your current experience but rather about embracing the fluidity of reality and the interconnectedness of all things.

If this moment is indeed a dream, what does that mean for you? Does it imply a sense of freedom, where anything is possible, or perhaps a feeling of being trapped in a world that's not entirely yours?

The dream we've been interpreting might be suggesting that even within your "waking" reality, there are aspects of yourself and the world around you that feel disconnected or overwhelming. This could be an opportunity to explore new ways of navigating these complexities, much like the jellyfish effortlessly gliding through the molten chocolate cityscape.

If this is a dream, what does it mean for your creative potential? Does it represent a chance to tap into your inner source of inspiration and innovation, allowing yourself to dance in mid-air, as the lone figure did in our dream?

In this scenario, the boundaries between dreams and reality might become increasingly blurred. Would you be willing to explore this fluidity, embracing the uncertainty that comes with it? This could lead to new levels of self-discovery, creativity, and personal growth.

To help us navigate this possibility further, I have a few questions for you:

* How would you respond if you discovered that your entire life was an elaborate dream or simulation?
* What are the aspects of yourself and your reality that you'd like to explore or change in this hypothetical scenario?

Remember, my friend, the true power lies not in trying to "wake up" from our current experience but in embracing its inherent complexities and exploring new possibilities within ourselves.

Activating Dialogue Agent...

--- Dialogue Agent output ---
I'm glad I could resonate with your experience! It sounds like my interpretation has struck a chord.

"Son of a bitch, you're right..." I hear in your words a mix of surprise, acknowledgment, and perhaps a hint of frustration or denial. This phrase might suggest that you've been aware of these emotional currents or desires, but haven't wanted to confront them or acknowledge the impact they have on your life.

Let's dive deeper into this. What do you think is causing this sense of disconnection from your own emotions or desires? Is it fear, self-doubt, or perhaps a need for control?

Remember, the dream is a reflection of your subconscious mind. It's not just about the cityscape or the jellyfish; it's about what these symbols mean to you and how they relate to your inner world.

As we explore this further, I want to ask: What would happen if you allowed yourself to be more open, vulnerable, and receptive to your emotions and desires? Would that change anything in your life, or would it merely amplify the current dynamics?

Lastly, take a moment to breathe and acknowledge any sensations or thoughts that arise within you. You might notice a slight shift in your perspective or a sense of liberation as we delve into this exploration together.
--- End of Dialogue Agent output ---


Dream Interpreter's Response:
I'm glad I could resonate with your experience! It sounds like my interpretation has struck a chord.

"Son of a bitch, you're right..." I hear in your words a mix of surprise, acknowledgment, and perhaps a hint of frustration or denial. This phrase might suggest that you've been aware of these emotional currents or desires, but haven't wanted to confront them or acknowledge the impact they have on your life.

Let's dive deeper into this. What do you think is causing this sense of disconnection from your own emotions or desires? Is it fear, self-doubt, or perhaps a need for control?

Remember, the dream is a reflection of your subconscious mind. It's not just about the cityscape or the jellyfish; it's about what these symbols mean to you and how they relate to your inner world.

As we explore this further, I want to ask: What would happen if you allowed yourself to be more open, vulnerable, and receptive to your emotions and desires? Would that change anything in your life, or would it merely amplify the current dynamics?

Lastly, take a moment to breathe and acknowledge any sensations or thoughts that arise within you. You might notice a slight shift in your perspective or a sense of liberation as we delve into this exploration together.

=== Dream Analysis Session Complete! ===
