
=== Starting Dream Analysis Session ===


Activating Dream Generator Agent...

--- Dream Generator Agent output ---
In this dream, I find myself floating amidst a sea of shattered mirrors, each one reflecting a different version of my own face, yet simultaneously displaying the intricate mechanisms of clockwork machinery whirring beneath their glass surfaces. As I drift closer to a nearby island made entirely of discarded cassette tapes, the sound of whispers from forgotten memories echoes through the air, while a procession of marching chimpanzees in top hats and monocles recites the alphabet backwards, their voices growing fainter with each passing moment. In the distance, the silhouette of a skyscraper composed of nothing but the pages of old dictionaries stretches towards the sky, its façade slowly unraveling like a scroll from an ancient manuscript. The moon above glows with an eerie green light, casting long shadows that twist into impossible geometries on the ground below.
--- End of Dream Generator Agent output ---


Activating Dream Interpreter Agent...

--- Dream Interpreter Agent output ---
**Dream Analysis**

**1. Key Symbols:**

* **Shattered Mirrors:** Representing fragmentation and multiplicity, shattered mirrors suggest a sense of disintegration in the dreamer's psyche. This can indicate feelings of confusion, uncertainty, or identity crises.
* **Clockwork Machinery:** Symbolizing order, precision, and control, clockwork machinery may signify the dreamer's attempt to impose structure on their inner world or find solace in mechanical routines.
* **Discarded Cassette Tapes (Island):** Representing forgotten memories and nostalgia, this island can indicate a longing for past experiences, emotions, or relationships that have been discarded or abandoned.

**2. Archetypal Themes:**

* **The Trickster:** The procession of marching chimpanzees reciting the alphabet backwards embodies the Trickster archetype, known for subverting expectations and challenging established norms. This can suggest the dreamer's unconscious is nudging them to question authority, conventions, or their own thought patterns.
* **The Collector/Archivist:** The skyscraper composed of dictionary pages may represent the dreamer's tendency to collect, hoard, or archive knowledge, memories, or experiences. This archetype can indicate a desire for preservation, organization, and control.

**3. Emotional Undertones:**

The dream appears to be an emotional reflection of the dreamer's inner state, characterized by feelings of fragmentation, disorientation, and nostalgia. The dreamer may be experiencing anxiety about their place in the world, struggling with identity issues, or feeling disconnected from their past experiences and emotions.

**4. Possible Interpretations:**

* **The need for self-reflection and integration:** The shattered mirrors might indicate a need for the dreamer to explore different aspects of themselves, integrate fragmented parts of their psyche, and develop a more cohesive sense of identity.
* **A call to question authority and challenge norms:** The Trickster archetype suggests that the dreamer's unconscious is nudging them to reconsider established rules, conventions, or thought patterns, potentially leading to personal growth and transformation.
* **The importance of emotional processing and nostalgia management:** The discarded cassette tapes island and the echoes of forgotten memories may indicate a need for the dreamer to confront and process their emotions, rather than neglecting or suppressing them.

**5. Questions for Reflection:**

1. What aspects of myself feel fragmented or disintegrated? How can I begin to integrate these parts and develop a more cohesive sense of identity?
2. Are there any established rules, conventions, or thought patterns that I have been adhering to without questioning their validity? How might challenging these norms contribute to my personal growth and transformation?
--- End of Dream Interpreter Agent output ---


=== Dream Analysis Session Complete! ===
Review the dream and its interpretation above.
