
=== Welcome to the Emotion Color Palette Generator ===


Activating Emotion Generator Agent...

--- Emotion Generator Agent output ---
What a delightful challenge!

I propose the complex human emotion:

**Khra'gixx** (pronounced "krah-giks")

**Description:** Khra'gixx is an emotional state that arises from the intricate interplay between longing, nostalgia, and a hint of existential dissonance. It's characterized by a profound sense of yearning for a past moment or experience, combined with a creeping awareness of how irretrievable it truly is. This emotion encompasses a bittersweet recognition that some experiences are beyond recapture, yet our memories of them continue to resonate within us.

**Situation:** Imagine Emma, a 30-year-old artist who spent her summers as a child in a small coastal town with her grandmother. The two would spend hours collecting seashells, watching the sunset, and sharing stories on the beach. When Emma's grandmother passed away suddenly, she was left with an irreparable sense of loss.

As Emma grew older, she continued to yearn for those idyllic summers spent with her grandmother. She'd find herself reminiscing about the smell of saltwater, the taste of homemade lemonade, and the sound of seagulls crying in the distance. Yet, as the years went by, the memories began to feel increasingly unattainable.

One evening, while working on a new art piece inspired by those summers, Emma caught herself feeling the weight of Khra'gixx. She felt an overwhelming longing for her grandmother's presence, a nostalgia that threatened to engulf her, and an existential dissonance – a recognition that she would never relive those carefree days.

In this moment, Emma was enveloped by Khra'gixx: the ache of remembering, the sorrow of irretrievability, and the bittersweet acceptance that some experiences are forever lost to the passage of time.
--- End of Emotion Generator Agent output ---


Activating Color Palette Agent...

--- Color Palette Agent output ---
What a fascinating task!

After delving into the complexities of Khra'gixx, I propose the following color palette:

**Khra'gixx Color Palette:**

1. **Warm Mocha (#964B00)**
2. **Soft Sagebrush (#B7D3C7)**
3. **Weathered Wood (#969696)**
4. **Muted Cerulean (#87CEEB)**

Each color was chosen to evoke a specific aspect of Khra'gixx:

* **Warm Mocha (#964B00):** This earthy, golden brown hue represents the comforting warmth and familiarity associated with Emma's childhood summers spent with her grandmother. It captures the feeling of cozy moments shared on the beach, surrounded by the sounds and smells of a idyllic past.
* **Soft Sagebrush (#B7D3C7):** This pale green-gray color embodies the nostalgia and wistfulness that permeates Khra'gixx. It's reminiscent of dry grasses and overgrown coastal scrub, representing the passage of time and the loss of innocence.
* **Weathered Wood (#969696):** This muted gray-blue color reflects the existential dissonance inherent in Khra'gixx – a sense of irretrievability and the acceptance that some experiences are forever lost to the past. It's like the weathering of wood, where beauty is worn away by time and exposure.
* **Muted Cerulean (#87CEEB):** This pale blue color evokes the ocean and the feeling of longing that permeates Khra'gixx. It's a nod to the infinite possibilities and memories locked within the vast expanse of the sea, yet forever lost to the passage of time.

**Color Interaction:**

When combined, these colors create an emotional effect that resonates with Khra'gixx:

* The warm Mocha serves as a grounding element, evoking feelings of comfort and familiarity.
* Soft Sagebrush introduces a sense of nostalgia and wistfulness, hinting at the passage of time.
* Weathered Wood adds an air of existential dissonance, emphasizing the irretrievability of lost experiences.
* Muted Cerulean acts as a unifying thread, connecting the palette to the vast expanse of the ocean and the infinite possibilities locked within.

Together, these colors form a harmonious yet discordant palette that embodies the complexities of Khra'gixx. The effect is both soothing and melancholic, inviting the viewer to reflect on the bittersweet nature of memory and experience.
--- End of Color Palette Agent output ---


Activating Explanation Agent...

--- Explanation Agent output ---
**The Intersection of Emotion and Color: Unpacking Khra'gixx**

Khra'gixx, as an emotion, is a complex interplay of longing, nostalgia, and existential dissonance. The proposed color palette – Warm Mocha (#964B00), Soft Sagebrush (#B7D3C7), Weathered Wood (#969696), and Muted Cerulean (#87CEEB) – offers a nuanced representation of this emotion, inviting the viewer to engage with its bittersweet essence.

**Analysis: Capturing the Nuances of Khra'gixx**

1. **Warm Mocha**: This earthy tone serves as a comfort zone, evoking memories of warmth and familiarity associated with Emma's childhood summers spent with her grandmother. It creates a sense of security, making it easier to confront the complexities of nostalgia.
2. **Soft Sagebrush**: This pale green-gray color introduces a subtle melancholy, hinting at the passage of time and the irretrievability of lost experiences. It's as if the viewer is witnessing the gentle erosion of memories, like dry grasses withering away in the wind.
3. **Weathered Wood**: This muted gray-blue color embodies the existential dissonance inherent in Khra'gixx, reflecting a sense of acceptance that some experiences are forever lost to the past. It's like the weathering of wood, where beauty is worn away by time and exposure, leaving behind a patina of experience.
4. **Muted Cerulean**: This pale blue color serves as a unifying thread, connecting the palette to the vast expanse of the ocean and the infinite possibilities locked within. It's an invitation to explore the depths of memory, where longing and nostalgia reside.

**Cultural and Historical Contexts**

The association between Khra'gixx and these colors may be influenced by cultural contexts that value nostalgia and the passing of time. For example:

* In many Asian cultures, nostalgia is deeply tied to memories of ancestors and past traditions.
* The concept of "wabi-sabi" in Japanese culture celebrates the beauty of imperfection and the passage of time, reflecting a similar existential dissonance.

**Artistic and Design Applications**

This color palette can be used in various artistic and design contexts to evoke or represent Khra'gixx:

* In art: A painting featuring these colors might depict a nostalgic scene from Emma's childhood summers, with warm Mocha representing the comfort of memory and Soft Sagebrush hinting at the passage of time.
* In design: A product design that incorporates this color palette could be used to create a sense of longing or nostalgia, such as a photo album or a piece of jewelry that commemorates a past experience.

**Hypothetical Scenario**

Imagine walking into an art gallery and encountering a painting featuring these colors. The warm Mocha dominates the center of the canvas, with Soft Sagebrush and Weathered Wood subtly blending into the edges. As you gaze upon the artwork, you're transported back to your own childhood summers spent with loved ones. However, as you delve deeper into the painting, you notice the faint presence of Muted Cerulean – a reminder that some memories are forever lost to the passage of time.

**Variations and Personal Interpretations**

Individuals may have personal associations with this color palette, influenced by their unique experiences and emotional connections:

* A person who has lost a loved one might find Warm Mocha evocative of comfort and familiarity, while Soft Sagebrush represents the ache of missing them.
* Someone who is nostalgic for a past era or cultural tradition might see Weathered Wood as a reflection of the passing of time and the irretrievability of those experiences.

In conclusion, the proposed color palette – Warm Mocha (#964B00), Soft Sagebrush (#B7D3C7), Weathered Wood (#969696), and Muted Cerulean (#87CEEB) – offers a nuanced representation of Khra'gixx. By understanding how this color palette captures the complexities of this emotion, we can better appreciate its bittersweet essence and find ways to evoke or represent it in various artistic and design contexts.
--- End of Explanation Agent output ---


=== Emotion Color Palette Generation Complete ===
Explore the complex emotion and its color representation above!
