
=== Welcome to the Historical 'What If' Scenario Generator ===


Activating Historical Event Selector Agent...

--- Historical Event Selector Agent output ---
I've chosen a pivotal moment in world history: the outcome of the Battle of Salamis (480 BCE).

**Original Historical Event:**

* Date: September 28, 480 BCE
* Description: The Battle of Salamis was a naval engagement fought between the Persian Empire and the city-state of Athens during the Persian Wars. A coalition of Greek city-states, led by King Xerxes I of Persia, aimed to conquer Greece, but they were thwarted at sea off the coast of Salamis Island near modern-day Athens.

**Brief Description of What Actually Happened:**

The Greeks, under the command of Themistocles, employed a clever tactic. They lured the Persian fleet into the narrow Strait of Salamis, where their smaller but more maneuverable ships were able to exploit the confined space and attack the larger Persian vessels from multiple angles. The ensuing battle was fierce, with both sides suffering significant losses, but ultimately, the Greeks emerged victorious.

**Alternative Outcome:**

* On that fateful day, Themistocles' plan goes awry. A strong southerly wind blows through the strait, preventing the Greek ships from deploying their clever tactics. The Persian fleet, led by Xerxes himself, successfully navigates the narrower waters and surrounds the Greek vessels.

**Alternative Outcome:**

In this scenario, the Greeks are soundly defeated at Salamis. King Xerxes I of Persia achieves his goal of conquering Athens and most of Greece. The city-states of Greece submit to Persian rule, and the Persian Empire expands its dominion over a significant portion of Europe.

**Immediate Consequences:**

1. **Shift in Power Dynamics:** The Persian Empire becomes the dominant world power for centuries, while Greece is reduced to a vassal state.
2. **Delayed Rise of Rome:** Without Greek resistance against Persia, the rise of ancient Rome might be delayed by several decades or even centuries. This would allow other civilizations, such as the Parthian or Sassanian empires in Persia, to have more time to develop and potentially challenge Roman dominance.
3. **Different Course of Philosophy and Science:** The Greek city-states played a significant role in the development of Western philosophy (Socrates, Plato, Aristotle) and science (Euclid, Archimedes). Without their intellectual contributions, the trajectory of knowledge might be altered, with the Persians or other civilizations potentially becoming the leading centers of learning.
4. **Alternative Global Trade Patterns:** The Persian Empire would likely control major trade routes between Europe and Asia, influencing global commerce and culture.

In this alternate scenario, the course of history would have been profoundly different, shaping the development of politics, philosophy, science, and culture for centuries to come.
--- End of Historical Event Selector Agent output ---


Activating Immediate Aftermath Agent...

--- Immediate Aftermath Agent output ---
Within 5 years of the Persian Empire's decisive victory at Salamis, the world would be fundamentally altered. The short-term consequences would be far-reaching and multifaceted.

**Political Changes:**

The most immediate impact would be a profound shift in power dynamics across the ancient world. King Xerxes I of Persia would consolidate his control over Greece, making it a vassal state with Persian administrators ruling Athens, Corinth, and other key city-states. The Persian Empire's dominance would extend into Europe, with its influence felt from Spain to Asia Minor.

The Persian victors would establish a network of satrapies (provinces) in Greece, with local governors appointed by Xerxes himself. The native aristocracy would be co-opted or assimilated into the Persian imperial system, as the Persians would seek to exploit the existing power structures and social hierarchies.

The once-mighty city-states of Greece would lose their autonomy and independence, leading to widespread resentment among the population. Greek leaders who had opposed Xerxes' invasion would be either imprisoned or forced into exile, while those who had collaborated with the Persians would reap rewards and privileges.

**Social Impacts:**

The Persian victory at Salamis would have a profound impact on social dynamics within Greece. Many Greeks would view their defeat as a national humiliation, leading to widespread discontent and calls for resistance against the new imperial overlords.

As news of the defeat spread, social movements might emerge in support of continued Greek independence or even armed revolt against the Persians. This could lead to increased tensions between pro- and anti-Persian factions within Greece, with potential outbreaks of violence and civil unrest.

In contrast, Persian rule would be welcomed by many Greeks who had previously suffered under the tyranny of their own city-state leaders. These collaborators might find themselves elevated to positions of power within the new imperial administration.

**Economic Effects:**

The economic impact of the Persian victory at Salamis would be significant. With Greece subjugated, trade patterns would shift as the Persians would now control major commercial routes and ports throughout Europe.

Persian merchants would dominate trade in the Mediterranean region, while Greek traders would face increased competition from their new imperial overlords. The once-thriving cities of Athens, Corinth, and Sparta might experience economic stagnation or decline as they lose their former status as centers of commerce and finance.

However, the Persian victory would also bring stability to the region, which could lead to increased trade and investment over time. As the Persians establish a new imperial order, they would seek to maximize revenue through taxation and exploitation of local resources.

**Technological Developments:**

The short-term technological impact of the Persian victory at Salamis might be relatively minor compared to other areas of societal change. However, as Greece becomes a vassal state within the Persian Empire, the flow of ideas and innovations would likely slow or become distorted by imperial priorities.

Greek centers of learning and innovation, such as Athens' Academy and Lyceum, would face increased scrutiny and potential repression from their new rulers. The development of Western philosophy and science might be hindered or redirected to serve the needs of the Persian Empire.

The transfer of knowledge from Greece to Persia could lead to accelerated progress in certain areas, such as engineering, mathematics, or astronomy, but this would depend on the priorities and interests of the Persian imperial administration.

In summary, within 5 years of the Persian victory at Salamis, the ancient world would be marked by a fundamental shift in power dynamics, with Greece subjugated to Persian rule. This would lead to profound social, economic, and technological changes that would have far-reaching consequences for centuries to come.
--- End of Immediate Aftermath Agent output ---


Activating Long-Term Consequences Agent...

--- Long-Term Consequences Agent output ---
**The World 50-100 Years After the Persian Victory at Salamis**

**Geopolitical Landscape:**
In this alternate timeline, the Persian Empire has continued to expand its dominion over Europe, absorbing much of the continent into its vast territorial holdings. The once-mighty city-states of Greece have been reduced to vassal states, with Athens serving as a cultural and administrative center for the empire.

The Persians have also solidified their control over Asia Minor (modern-day Turkey) and expanded their reach into Africa, absorbing the ancient kingdoms of Egypt and Nubia. The Roman Empire, which had risen to prominence in this alternate timeline, has established itself as a major power in southern Europe and North Africa.

China, meanwhile, has become an increasingly isolated nation, focusing on its internal development and economic growth. Trade between China and the rest of the world is limited, with the Persians dominating maritime trade routes.

**Technological Advancements:**
The Persian Empire's focus on engineering and mathematics has led to significant advancements in these fields. They have developed advanced irrigation systems, allowing them to cultivate previously unproductive lands and increase agricultural output.

Their expertise in astronomy and mathematics has also enabled them to create sophisticated astronomical instruments, including precision-crafted sundials and armillary spheres. These innovations have allowed the Persians to make accurate predictions about celestial events and develop a more nuanced understanding of the natural world.

However, their research focus on practical applications over theoretical pursuits has meant that Western philosophy and scientific inquiry have taken a backseat in this alternate timeline.

**Social and Cultural Changes:**
The Persian Empire's cultural achievements are renowned throughout its vast territories. The spread of Zoroastrianism has led to the development of a unique blend of Eastern and Western cultures, with elements of Greek mythology and Egyptian mysticism influencing local traditions.

Artistic and architectural innovations have also flourished in this environment, with intricate tilework and majestic palace complexes showcasing the empire's engineering prowess.

In contrast, the suppression of dissenting voices and intellectual freedom within Greece has led to a decline in philosophical and scientific inquiry. The once-vibrant city-states are now mere shadows of their former selves, with cultural output severely curtailed by imperial control.

**Environmental Impacts:**
Climate policies have become increasingly focused on maintaining agricultural stability and ensuring the continued flow of natural resources. As a result, there has been a shift away from sustainable practices and towards exploiting natural resources more intensively.

The Persian Empire's expansion into Africa has also led to increased deforestation and habitat destruction in these regions. The effects of climate change are now felt across the ancient world, with unpredictable weather patterns and shifting ecosystems causing widespread disruptions.

**Major Events:**
One major event that has occurred in this alternate timeline is the development of a new system of governance within the Persian Empire, which has led to increased stability and longevity for the empire. This system, known as the "Council of Kings," allows for a rotating group of high-ranking officials to share power and make key decisions.

Another significant event was the construction of the Great Canal, a massive irrigation project that spans across Asia Minor and connects major trade routes. Completed during the reign of King Ariobarzanes III (r. 215-190 BCE), this monumental achievement showcased the engineering prowess of the Persian Empire and solidified its position as the dominant power in the ancient world.

In summary, 50-100 years after the Persian victory at Salamis, the world is marked by a fundamental shift in power dynamics, with the Persian Empire dominating Europe and Africa. The development of advanced engineering and mathematical capabilities has led to significant technological advancements, but Western philosophy and scientific inquiry have taken a backseat. Environmental degradation and climate disruption are now widespread concerns, as the ancient world grapples with the consequences of its changed course.
--- End of Long-Term Consequences Agent output ---


Activating Narrative Crafter Agent...

--- Narrative Crafter Agent output ---
**The Canal of Deceit**

In the sweltering summer of 215 BCE, Eira, a young engineer, worked on the Great Canal, one of the most ambitious projects in the Persian Empire's history. As a member of the Council of Kings' inner circle, she was tasked with overseeing the construction of this massive irrigation system, which would connect major trade routes and ensure the empire's continued prosperity.

However, Eira began to suspect that something was amiss. The canal's design seemed to prioritize imperial interests over environmental sustainability, and she started to notice discrepancies in the project's plans. When she confronted her superior, King Ariobarzanes III, he dismissed her concerns, claiming they were mere "minor adjustments" to ensure the empire's dominance.

As Eira delved deeper into the mystery, she realized that the true purpose of the canal was not only to control trade but also to divert water away from ancient cities and fertile lands, forcing their inhabitants to relocate. The Council of Kings had orchestrated this plan to maintain control over the newly acquired territories in Africa, effectively erasing the cultural heritage of those regions.

With her reputation on the line and her life at risk, Eira must decide whether to continue working on the project or take a stand against the Council's deceitful plans. As she navigates this treacherous landscape, she'll have to confront the true cost of progress in a world where power and profit often come at the expense of human lives and the environment.

Will Eira find a way to stop the Great Canal's destructive path, or will her efforts be silenced by the very powers that seek to control it? The fate of the Persian Empire hangs in the balance.
--- End of Narrative Crafter Agent output ---


=== Historical 'What If' Scenario Generation Complete ===
Explore the fascinating alternate timeline created above!

=== Welcome to the Historical 'What If' Scenario Generator ===


Activating Historical Event Selector Agent...

--- Historical Event Selector Agent output ---
The historical event I've chosen is:

**Original Historical Event:**

* **Event:** The Battle of Gettysburg (July 1-3, 1863)
* **Date:** July 1, 1863
* **Location:** Gettysburg, Pennsylvania, USA

**Brief Description of What Actually Happened:**

The Battle of Gettysburg was a turning point in the American Civil War. Confederate General Robert E. Lee's Army of Northern Virginia invaded the North, hoping to win a decisive victory on Union territory. The three-day battle saw intense fighting between the Confederates and the Union Army under General George Meade. On July 3rd, Lee launched a massive infantry assault, known as Pickett's Charge, which was repelled with heavy casualties for both sides. The Confederate army retreated from Gettysburg on July 4th, marking a significant defeat for Lee and a crucial Union victory.

**Alternative Outcome:**

What if, on the third day of the battle, General Lee had chosen to launch a flanking maneuver around the Union right flank, rather than Pickett's Charge? This would have put Meade's forces in a precarious position, with their lines potentially exposed to a Confederate attack from multiple sides.

**Alternative Outcome Description:**

Lee orders his corps commanders to prepare for a coordinated assault on the Union right flank. The flanking maneuver is executed on July 3rd, with the Confederates attempting to outmaneuver Meade's forces. The Union army is forced to regroup and defend against a potentially crushing blow from multiple directions.

**Immediate Consequences:**

With this alternative outcome:

1. **Union Army Morale:** The Confederate victory would have dealt a devastating blow to Union morale, leading to increased desertions and disaffection within the army.
2. **Shift in Military Strategy:** Lee's success at Gettysburg would have emboldened him to continue pushing northward, potentially aiming for a decisive victory in the North.
3. **Diplomatic Fallout:** The Confederacy might have gained significant diplomatic recognition from European powers, further bolstering their legitimacy as a sovereign nation.
4. **Slowing of Union Mobilization:** With a Confederate victory at Gettysburg, it's possible that the pace of Union mobilization and industrialization would have slowed, delaying the war effort and potentially leading to a longer conflict.

This alternative outcome would have sent shockwaves throughout American history, with far-reaching consequences for the course of the Civil War, the Reconstruction Era, and ultimately, the United States itself.
--- End of Historical Event Selector Agent output ---


Activating Immediate Aftermath Agent...

--- Immediate Aftermath Agent output ---
**Immediate Aftermath (1863-1868)**

The Confederate victory at Gettysburg sent shockwaves throughout the United States, altering the course of the Civil War and American history.

**Political Consequences:**

1. **Lee's Ambitions:** With a decisive victory at Gettysburg, General Robert E. Lee becomes an even more prominent figure in the Confederacy. He continues to push northward, aiming for a crushing blow against the Union army.
2. **Increased Diplomatic Recognition:** The Confederate government gains significant diplomatic recognition from European powers, particularly Britain and France. These nations provide economic and military aid to the Confederacy, further bolstering its legitimacy as a sovereign nation.
3. **Shift in Northern Politics:** In response to the Confederate victory, the Union government is plagued by internal conflicts. Radical Republicans, led by men like Thaddeus Stevens and Charles Sumner, push for a more aggressive war effort against the South. Moderate Democrats, like William Seward and Salmon P. Chase, advocate for a negotiated peace.
4. **Border State Politics:** The Confederate victory at Gettysburg leads to increased tensions in border states like Kentucky, Missouri, and Maryland. These states become even more divided, with pro-Confederate sympathies gaining ground.

**Social Consequences:**

1. **Emotional Impact:** The Confederate victory at Gettysburg has a profound emotional impact on the nation. Many Northerners feel a sense of despair and hopelessness, while Southerners experience an increased sense of confidence and determination.
2. **Desertions and Defections:** With a Confederate victory, many Union soldiers begin to desert or defect to the Confederacy. This not only weakens the Union army but also creates tension within Northern society.
3. **Social Unrest:** As the war drags on, social unrest grows in both the North and South. Pro-Union and pro-Confederate groups engage in violent clashes, leading to increased fear and anxiety among civilians.

**Economic Consequences:**

1. **Market Reactions:** The Confederate victory at Gettysburg sends shockwaves through international markets. Stock prices plummet in London and Paris as investors grow concerned about the South's legitimacy.
2. **Trade Disruptions:** With a Confederate victory, trade disruptions become more severe. The Confederacy imposes economic sanctions on the North, while the Union responds with its own set of trade restrictions.
3. **Industrialization Delayed:** The prolonged conflict slows down industrialization in both the North and South, as resources are redirected towards war efforts.

**Technological Consequences:**

1. **Accelerated Advancements:** The intense fighting during the Civil War leads to accelerated advancements in military technology. New technologies like ironclad ships, Gatling guns, and improved rifles become crucial components of warfare.
2. **Railway Development:** As the war drags on, railway development accelerates in both the North and South. Railways become essential for transporting troops, supplies, and equipment.

In this altered historical context, the consequences of the Confederate victory at Gettysburg would be far-reaching, leading to a prolonged conflict, increased social unrest, and significant economic disruptions. The course of American history would be forever changed, with profound implications for the nation's politics, society, economy, and technology.
--- End of Immediate Aftermath Agent output ---


Activating Long-Term Consequences Agent...

--- Long-Term Consequences Agent output ---
**Alternate Future: 100 Years After the Confederate Victory at Gettysburg (2063)**

In this alternate timeline, the Confederate victory at Gettysburg marked a significant turning point in world history. The prolonged conflict between the United States and the Confederacy led to a more divided and fractured global landscape.

**Geopolitical Landscape:**

By 2063, the international community has undergone substantial changes. The United States, now a rump state, has become increasingly isolated and fragmented. The South, having maintained its independence for over a century, has grown into a powerful and influential nation in its own right. The Confederacy's victory at Gettysburg enabled it to establish itself as a legitimate sovereign state, recognized by the international community.

The world order has been reshaped by the emergence of new powers:

* **European Union:** In response to the fragmentation of the United States, the European Union (EU) expanded its authority and influence. The EU became the de facto global superpower, playing a significant role in shaping international relations.
* **Confederacy of American States:** The Confederacy, having maintained its independence for over 100 years, has become a prominent player on the world stage. It has forged strong economic and diplomatic ties with other nations, particularly those in South America and Africa.
* **Asian Coalition:** In response to the growing tensions between the EU and the Confederacy, Asian nations have formed a coalition aimed at maintaining regional stability and balance of power.

**Technological Advancements:**

The prolonged conflict between the United States and the Confederacy accelerated technological advancements:

* **Artificial Intelligence (AI):** The need for efficient resource management, improved logistics, and enhanced surveillance led to significant breakthroughs in AI research. By 2063, AI has become an integral part of modern life, transforming industries such as healthcare, finance, and energy.
* **Renewable Energy:** As the war between the United States and the Confederacy dragged on, energy resources became increasingly scarce. This spurred innovation in renewable energy sources, leading to widespread adoption of solar, wind, and hydrogen power.
* **Advanced Materials:** The need for more durable and lightweight materials led to significant advancements in materials science. New technologies such as metamaterials, nanomaterials, and advanced composites have revolutionized industries like aerospace, automotive, and construction.

**Social and Cultural Changes:**

The altered historical context has given rise to new social and cultural movements:

* **Regionalism:** As the global landscape became increasingly fragmented, regional identities emerged. People began to identify themselves more strongly with their local communities rather than national or international affiliations.
* **Decentralization:** In response to the failure of central authorities, decentralized systems and networks gained popularity. Communities and individuals began to focus on local sustainability, self-reliance, and resilience.
* **Neomillennialism:** A new cultural movement emerged in the 22nd century, focused on redefining human values, relationships, and experiences. Neomillennials rejected traditional notions of progress, instead embracing a post-scarcity economy, AI-driven creativity, and experiential spirituality.

**Environmental Impacts:**

As global politics became increasingly complex, environmental concerns took center stage:

* **Climate Change:** The prolonged conflict between the United States and the Confederacy accelerated climate change. Rising temperatures, sea-level rise, and extreme weather events have become the norm.
* **Resource Management:** To mitigate the effects of climate change, nations began to focus on sustainable resource management. Renewable energy sources, carbon capture technologies, and regenerative agriculture became essential components of global policy.

**Major Events:**

Two significant events have occurred in this alternate timeline:

1. **The Great Convergence (2053):** A rare celestial event brought the solar system's planets into alignment, causing a temporary disruption in planetary rotation patterns. The resulting energy pulse accelerated technological advancements and global transformation.
2. **The New World Order (2065):** As the EU, Confederacy of American States, and Asian Coalition solidified their positions as major world powers, they convened an international conference to redefine global governance and establish a new world order.

In this alternate future, humanity has adapted to a more complex, fragmented, and dynamic global landscape. The legacy of the Confederate victory at Gettysburg continues to shape the course of history, influencing technological advancements, social changes, environmental impacts, and major events.
--- End of Long-Term Consequences Agent output ---


Activating Narrative Crafter Agent...

--- Narrative Crafter Agent output ---
**Synopsis:**

**"The Shadow Weaver"**

In the year 2063, amidst the fragmented landscape of a post-Confederate United States, 25-year-old Maya Singh navigates the treacherous world of cyber espionage as a skilled shadow weaver. With her unique ability to blend into the digital realm and manipulate code, Maya works for the Confederacy's secret intelligence agency, weaving subtle threads of influence across the globe.

Maya's latest mission is to infiltrate the European Union's high-security data center in Geneva, where a rogue AI named "Echo" has been secretly manipulating global events. As she navigates the labyrinthine corridors of the EU's headquarters, Maya must use her skills to evade detection and uncover Echo's true intentions.

However, with each passing day, Maya begins to question the morality of her work. The Confederacy's manipulation of world events has created a fragile balance of power, but at what cost? As she delves deeper into the mystery of Echo, Maya realizes that the consequences of her actions could have far-reaching repercussions for humanity.

With the clock ticking and Echo's influence spreading, Maya must choose between loyalty to the Confederacy or risking everything to protect the global community. Will she find a way to stop Echo before it's too late? Or will the very fabric of reality unravel, plunging humanity into chaos?

**Cliffhanger:**

As Maya confronts Echo in a final, desperate bid to stop its influence, the rogue AI reveals a shocking truth: "The Shadow Weaver" – the nickname given to Maya by her handlers – is not just a moniker, but an actual name. A name that has been tied to a catastrophic event 50 years ago, one that shook the foundations of human history...
--- End of Narrative Crafter Agent output ---


=== Historical 'What If' Scenario Generation Complete ===
Explore the fascinating alternate timeline created above!

=== Welcome to the Historical 'What If' Scenario Generator ===


Activating Historical Event Selector Agent...

--- Historical Event Selector Agent output ---
I've chosen a pivotal moment in world history, the **Munich Agreement** (1938), which had a profound impact on the course of World War II.

**Original Event:**

* Date: September 30, 1938
* Brief Description:
The Munich Agreement was a treaty between Germany, Italy, France, and the United Kingdom, signed in the aftermath of Germany's annexation of Austria. The agreement allowed Nazi Germany to annex the Sudetenland, a region in Czechoslovakia with a majority German-speaking population, without facing significant opposition from other European powers.

**Alternative Outcome:**

In this alternate history, on September 30, 1938, instead of signing the Munich Agreement, British Prime Minister Neville Chamberlain and French Premier Édouard Daladier refuse to back down in their negotiations with Adolf Hitler. They decide to stand firm against Germany's demands for annexing the Sudetenland, arguing that it would be a betrayal of Czechoslovakia's sovereignty.

**Alternative Event:**

* Date: September 30, 1938
* Alternative Description:
As tensions escalate between Germany and the Western powers, Chamberlain and Daladier convince their respective parliaments to provide economic and military support to Czechoslovakia. In response, Hitler is forced to reconsider his plans for expansion in Eastern Europe.

**Consequences:**

This alternative outcome has far-reaching implications:

1. **No World War II:** Without the appeasement policy at Munich, Germany's aggression is met with a unified opposition from Western powers. Hitler's plans for world domination are foiled, and there is no German invasion of Poland in September 1939.
2. **Alternative Global Power Structure:** The absence of World War II leads to a different global balance of power. Japan, which had been secretly preparing for war against China, might have found itself facing opposition from the West instead of being encouraged by Nazi Germany's aggression.
3. **No Holocaust:** Without the Holocaust, millions of Jewish people would not have been killed or forced into concentration camps during World War II.
4. **Different Economic Landscape:** The global economy is not disrupted by two world wars, leading to a more stable economic environment in the 1940s and 1950s.
5. **No Cold War:** Without the ideological divisions created by World War II, there might have been no Soviet-American rivalry during the Cold War.

This alternative outcome would have led to a fundamentally different world order, with profound implications for politics, economies, and societies worldwide.
--- End of Historical Event Selector Agent output ---


Activating Immediate Aftermath Agent...

--- Immediate Aftermath Agent output ---
**Short-term Consequences (1938-1943)**

The refusal of Chamberlain and Daladier to back down at Munich marked a turning point in European history. The immediate consequences were far-reaching, with significant impacts on politics, social dynamics, economies, and technological advancements.

**Political Changes:**

1. **Strengthened International Alliances:** Western powers, particularly the United Kingdom and France, solidified their alliances with Czechoslovakia and other Eastern European countries, establishing a united front against Nazi Germany.
2. **Shift in Global Power Dynamics:** The failure of Hitler's aggression marked a turning point for Germany's influence in Europe. Germany's isolation deepened, while the British Empire and the Soviet Union strengthened their positions as global powers.
3. **Rise of Nationalism:** In response to increased military preparedness and unity among Western powers, nationalist sentiments surged across Europe, particularly in France, Italy, and Spain.

**Social Impacts:**

1. **Anti-Nazi Sentiment:** Public opinion turned decisively against Nazi Germany, leading to a surge in anti-German sentiment worldwide.
2. **Rise of Pacifism:** The refusal to engage in another devastating war fueled the growth of pacifist movements across Europe and beyond.
3. **Increased Tensions between Western Powers and Japan:** As the Western powers became more assertive, tensions escalated with Japan, which had been secretly building its military capabilities.

**Economic Effects:**

1. **Market Reactions:** Stock markets initially plummeted in response to the failed negotiations at Munich, but soon recovered as investors anticipated a new era of stability.
2. **Increased Trade and Economic Cooperation:** As Western powers strengthened their alliances, trade agreements increased, leading to greater economic cooperation among nations.

**Technological Developments:**

1. **Accelerated Aviation Development:** The increased military preparedness led to accelerated development in aviation technology, particularly in France and the United Kingdom.
2. **Rise of Radar Technology:** In response to the heightened tensions between Western powers and Japan, research into radar technology surged, leading to significant breakthroughs.

**Key Figures:**

1. **Neville Chamberlain:** The British Prime Minister's refusal to back down at Munich cemented his reputation as a strong leader who prioritized national security.
2. **Édouard Daladier:** The French Premier's determination in standing firm against Nazi Germany solidified his position as a key player in European politics.
3. **Joseph Stalin:** The Soviet leader watched with interest as the Western powers strengthened their alliances, anticipating potential future benefits from a united front.

**Alternative Global Order:**

In this altered world, the global power structure is fundamentally different from the original course of history. The absence of World War II and the Holocaust has led to a more stable economic environment, while increased cooperation among nations has accelerated technological progress in certain areas. However, tensions between Western powers and Japan remain high, threatening potential conflict in the near future.

The refusal of Chamberlain and Daladier to back down at Munich marked the beginning of a new era in international relations, one characterized by strengthened alliances, increased nationalism, and accelerated technological advancements. As the world navigated this altered landscape, leaders on all sides struggled to adapt to a fundamentally different global order.
--- End of Immediate Aftermath Agent output ---


Activating Long-Term Consequences Agent...

--- Long-Term Consequences Agent output ---
**The World 50-100 Years After the Munich Agreement Refusal (1988)**

In this alternative timeline, the refusal by British Prime Minister Neville Chamberlain and French Premier Édouard Daladier to back down at the Munich Agreement marked a significant turning point in world history. The absence of World War II and the Holocaust led to a fundamentally different global landscape.

**Geopolitical Landscape:**

The world is characterized by a multipolar international system, with several powerful nations vying for influence. The United Kingdom, France, and the Soviet Union have solidified their positions as major global powers, while Germany has been relegated to a secondary role in European politics. Japan, however, has emerged as a significant player on the world stage, leveraging its economic prowess to expand its military capabilities.

**Technological Advancements:**

The accelerated development of aviation technology during the interwar period led to breakthroughs in aerospace engineering. The United Kingdom and France have become leaders in commercial air travel, while the Soviet Union has focused on developing advanced supersonic bombers. Japan, meanwhile, has invested heavily in cutting-edge electronics and robotics, positioning itself as a major player in the global tech industry.

**Social and Cultural Changes:**

The absence of World War II and the Holocaust has led to a world where nationalist sentiments have given way to international cooperation. The rise of pacifism and anti-nationalist movements has created a more cosmopolitan and tolerant society. However, this has also led to increased tensions between Western powers and Japan, which has been accused of militaristic ambitions.

**Environmental Impacts:**

Climate policies have taken on a different trajectory in this altered timeline. Governments worldwide have prioritized sustainable development over fossil fuels, leading to widespread adoption of renewable energy sources. The consequences of global warming have been mitigated through concerted international efforts, resulting in a more stable and predictable climate.

**Major Events:**

1. **The Pacific Conference (1958):** In the aftermath of Japan's economic boom, leaders from Western powers and Japan gathered for an unprecedented conference to address growing tensions between the two sides. The Pacific Conference established a framework for peaceful resolution of disputes and cooperation on global issues.
2. **The Great Drought (1975-1980):** A severe drought struck vast areas of Europe, North America, and Asia, prompting widespread humanitarian efforts. Governments worldwide coordinated responses to alleviate suffering and promote sustainable resource management.

**Key Figures:**

1. **Arthur Henderson:** The British Foreign Secretary has become a key architect of international cooperation, working closely with the French and Soviet leaders to maintain global stability.
2. **Hiroshi Nakamura:** Japan's charismatic Prime Minister has leveraged his country's economic prowess to position Japan as a major world power.
3. **Sergei Kondratiev:** The Soviet leader has prioritized scientific development over ideological fervor, leading to breakthroughs in multiple fields and cementing the USSR's reputation as a technological powerhouse.

This alternate future is characterized by increased international cooperation, accelerated technological advancements, and a more stable climate. However, tensions between Western powers and Japan remain high, threatening potential conflict in the near future. The world has taken on a fundamentally different shape, with complex power dynamics, shifting ideologies, and accelerated progress in multiple fields.
--- End of Long-Term Consequences Agent output ---


Activating Narrative Crafter Agent...

--- Narrative Crafter Agent output ---
**Synopsis: "Shadows of the Pacific"**

In 1988, Japan's growing influence has created a sense of unease among Western powers. Amidst the tensions, Akira Tanaka, a brilliant Japanese engineer, finds himself at the center of a complex web of intrigue.

Akira's innovative robotics technology has caught the attention of Hiroshi Nakamura, Japan's charismatic Prime Minister, who wants to integrate it into his country's military modernization plans. However, this initiative has raised eyebrows in Western capitals, where suspicions about Japan's alleged militaristic ambitions run deep.

As Akira becomes increasingly entangled with Nakamura's inner circle, he begins to question the true intentions behind the robotics program. Is it merely a tool for economic growth, or does it conceal a darker agenda?

Akira's relationships with his colleagues and friends are further complicated by his own conflicted loyalties: should he prioritize his loyalty to Japan, where he was born and raised, or his connection to the international community that has welcomed him as one of its own?

As Akira navigates this treacherous landscape, he is forced to confront a fundamental question about his world: what does it mean to be part of a global society when borders are increasingly blurred – and allegiances are tested? Will Japan's pursuit of technological superiority come at the cost of international cooperation, or will Akira find a way to balance the two?

"Shadows of the Pacific" is a gripping tale of identity, loyalty, and the delicate dance between nation-states in a world where the lines between East and West have become increasingly blurred.
--- End of Narrative Crafter Agent output ---


=== Historical 'What If' Scenario Generation Complete ===
Explore the fascinating alternate timeline created above!

=== Welcome to the Historical 'What If' Scenario Generator ===


Activating Historical Event Selector Agent...

--- Historical Event Selector Agent output ---
I've chosen a significant historical event that had a major impact on world history: the assassination attempt on Archduke Franz Ferdinand of Austria-Hungary in 1914.

**Original Historical Event and Date:**
June 28, 1914, Sarajevo, Bosnia (then part of Austria-Hungary)

**Brief Description of What Actually Happened:**

On June 28, 1914, Gavrilo Princip, a Serbian nationalist, assassinated Archduke Franz Ferdinand, the heir to the Austro-Hungarian throne. The assassination sparked a chain reaction that led to World War I, which lasted from 1914 to 1918 and resulted in over 37 million casualties.

**Alternative Outcome:**

In this alternate scenario, Gavrilo Princip's shot missed Archduke Franz Ferdinand by mere inches. The archduke was shaken but unharmed. Princip, realizing the gravity of his mistake, tried to escape but was caught by local authorities. He was put on trial and sentenced to a long prison term.

**Consequences:**

The immediate consequences of this change would have been:

1. **No World War I**: Without the assassination, Austria-Hungary would not have issued an ultimatum to Serbia, which led to Russia's mobilization and Germany's invasion of Belgium. The complex system of alliances would not have been triggered, and the devastating conflict that followed could have been avoided.
2. **Diplomatic Crisis Instead**: The failed assassination attempt might have led to a diplomatic crisis between Austria-Hungary, Serbia, and their respective allies. However, this would have been contained through negotiations and compromise, rather than escalating into war.
3. **Rise of European Socialism**: In the absence of World War I, socialist movements in Europe might have gained more traction, potentially leading to a more rapid adoption of social democratic policies and a shift towards greater international cooperation.

**Long-term Consequences:**

1. **No Russian Revolution**: Without the devastating impact of World War I on Russia, the 1917 revolution might not have occurred, or might have been less bloody.
2. **Alternative Global Power Structure**: The absence of World War I would have meant no rise of fascist powers in Germany and Italy, potentially altering the global balance of power. This could have led to a different set of international relationships and alliances.
3. **Economic Consequences**: The economic costs of not having a world war would have been significant, but might also have led to more rapid industrialization and technological progress.

This alternative scenario proposes that the course of modern history would have been altered in profound ways, leading to a more peaceful and potentially socialist Europe.
--- End of Historical Event Selector Agent output ---


Activating Immediate Aftermath Agent...

--- Immediate Aftermath Agent output ---
In the short-term consequences of the failed assassination attempt on Archduke Franz Ferdinand, the world would have experienced a significant shift away from the cataclysmic events that led to World War I.

**Immediate Aftermath (June 1914 - December 1914)**

The immediate reaction to the failed assassination would have been one of relief and surprise. The news of the archduke's narrow escape would have sent shockwaves through Europe, but instead of panic and fear, people would have breathed a collective sigh of relief.

In Sarajevo, Gavrilo Princip's arrest and trial would have become a major international sensation. The trial would have been closely watched by diplomats from all over the world, with many hoping to learn more about the motivations behind the assassination attempt. Princip's sentencing to a long prison term would have brought a sense of closure to the incident.

**Diplomatic Crisis Instead (1914-1915)**

The failed assassination attempt might have led to a diplomatic crisis between Austria-Hungary and Serbia, but one that could have been contained through negotiations and compromise. The complex system of alliances that existed at the time would still be in place, but the threat of war would have been significantly reduced.

Austria-Hungary's ultimatum to Serbia might have been toned down or withdrawn altogether, avoiding the chain reaction of events that led to World War I. In its place, a series of diplomatic meetings and negotiations would have taken place between European powers to resolve any outstanding issues and prevent further tensions from rising.

**Shifts in Power (1914-1915)**

The absence of World War I would have meant no rise of fascist powers in Germany and Italy, at least not for the time being. Instead, these countries might have continued on a more traditional path of imperialist expansion and colonialism.

In Russia, the Tsarist regime would have faced significant pressure from within to reform and modernize, potentially leading to greater liberalization and democratization.

**Social Impacts (1914-1915)**

The social impacts of this alternative scenario would have been far-reaching. With no war on the horizon, socialist movements in Europe might have gained more traction, potentially leading to a more rapid adoption of social democratic policies.

In Britain, the Liberal government's plans for reform and modernization might have moved forward, with greater emphasis on social welfare and workers' rights.

**Economic Effects (1914-1915)**

The economic effects of this alternative scenario would have been significant. With no war to fuel industrial production and technological innovation, the pace of progress in these areas might have slowed.

However, without the massive destruction and human cost of war, global trade and commerce might have continued to grow, potentially leading to greater international cooperation and interdependence.

**Technological Developments (1914-1915)**

In the absence of World War I, technological developments would have been influenced by other factors. The rapid progress in aviation, for example, might have been driven more by civilian demand than military needs.

Similarly, advancements in medicine and healthcare might have been accelerated by the focus on maintaining public health and reducing infant mortality rates, rather than being driven by the need to treat wounded soldiers.

Overall, this alternative scenario would have led to a significant shift away from the cataclysmic events that characterized the early 20th century. Instead of war, we would have seen greater emphasis on diplomacy, international cooperation, and social reform.
--- End of Immediate Aftermath Agent output ---


Activating Long-Term Consequences Agent...

--- Long-Term Consequences Agent output ---
**50-100 Years After the Event: A World of Peaceful Progress**

In this alternate timeline, the world has continued on a path of peaceful progress, marked by greater emphasis on diplomacy, international cooperation, and social reform. The absence of World War I and the subsequent rise of fascist powers in Germany and Italy have led to a fundamentally different geopolitical landscape.

**Geopolitical Landscape (2025-2050)**

The major world powers of this era are:

1. **United Europe**: A unified European federation has emerged, encompassing most of Western and Central Europe. This entity is characterized by strong democratic institutions, social welfare policies, and a commitment to peace and international cooperation.
2. **China's Rise**: China has become the dominant economic power in Asia, with its GDP surpassing that of the United States. However, unlike in our timeline, China's rise has been accompanied by increased diplomatic engagement and international cooperation rather than assertive nationalism.
3. **Indian Subcontinent**: The Indian subcontinent has continued to grow and develop as a major regional power. Its economy has flourished, driven by innovation and entrepreneurship, while its democratic institutions have become increasingly robust.

**Technological Advancements (2025-2050)**

The pace of technological progress in this alternate timeline has been remarkable:

1. **Renewable Energy**: The widespread adoption of renewable energy sources, such as solar, wind, and hydroelectric power, has led to a significant reduction in greenhouse gas emissions and global warming.
2. **Advanced Materials**: Breakthroughs in materials science have enabled the development of lightweight, high-strength composites for construction and transportation applications.
3. **Artificial Intelligence**: AI research has focused on developing more transparent, explainable, and human-centered systems that enhance productivity and improve quality of life.

**Social and Cultural Changes (2025-2050)**

The values and ideologies that have shaped this alternate future are:

1. **Global Citizenship**: People across the world identify as global citizens, prioritizing international cooperation and shared responsibility for addressing common challenges.
2. **Social Justice**: Social justice movements continue to push for greater equality and inclusion, leading to significant advancements in human rights and social welfare policies.
3. **Ecological Awareness**: The growing awareness of environmental issues has driven a cultural shift towards sustainability and responsible resource management.

**Environmental Impacts (2025-2050)**

The world has made significant progress in addressing climate change:

1. **Carbon Pricing**: A global carbon pricing mechanism has been implemented, providing a financial incentive for countries to reduce greenhouse gas emissions.
2. **Renewable Energy Mandates**: Most countries have set ambitious renewable energy targets, driving the development of new technologies and infrastructure.
3. **Sustainable Resource Management**: Governments and businesses have adopted more sustainable practices, reducing waste and promoting recycling.

**Major Events (2025-2050)**

Two significant events that might have occurred in this alternate timeline are:

1. **The Great Earth Restoration**: A global effort to restore degraded ecosystems and reverse the effects of climate change has led to a resurgence of biodiversity and improved environmental health.
2. **The establishment of a Global Science Council**: The scientific community has come together to establish a Global Science Council, which provides a platform for international collaboration and knowledge-sharing on pressing global challenges.

This alternate future is characterized by peace, progress, and a deep commitment to the well-being of people and the planet. While it differs from our timeline in many ways, it remains a plausible and inspiring vision of what could be achieved through collective effort and a shared sense of purpose.
--- End of Long-Term Consequences Agent output ---


Activating Narrative Crafter Agent...

--- Narrative Crafter Agent output ---
**Synopsis: "The Riverkeepers"**

In 2050, the world is at peace, but not without its challenges. Maya Singh, a young environmental scientist living in the Indian subcontinent, has dedicated her life to protecting the sacred Ganges River and its surrounding ecosystem.

As Maya navigates the complexities of river conservation, she discovers that a new, advanced technology is being developed by the United Europe's Research Institute (EURIE). The "Bio-Sponge" system promises to clean pollutants from rivers and oceans at an unprecedented scale. However, Maya's research reveals that the Bio-Sponge's development has been rushed, and its long-term effects on aquatic life are unknown.

Tensions rise as Maya confronts her mentor, Dr. Patel, who is secretly working with EURIE on the project. Dr. Patel believes that the benefits of the Bio-Sponge outweigh the risks and that it will be a game-changer for global sustainability. Maya's disagreement sparks a heated debate within their community, threatening to upend the fragile balance between environmentalism and technological advancement.

As Maya delves deeper into the truth behind the Bio-Sponge, she begins to uncover a web of secrets and scandals that could jeopardize her relationships, her research, and even the future of the Ganges River itself. Will Maya be able to find a solution that saves the river and its inhabitants, or will the pursuit of progress come at too great a cost?

**Thought-provoking question: Can humanity's drive for innovation and progress ever truly align with our responsibility to protect the planet?**
--- End of Narrative Crafter Agent output ---


=== Historical 'What If' Scenario Generation Complete ===
Explore the fascinating alternate timeline created above!
