
=== Welcome to the Historical Figure Debate ===


Activating Debate Topic Agent...

--- Debate Topic Agent output ---
**Debate Topic:** "The Imperative for Universal Basic Income in a Post-COVID World"

**Explanation:** This topic is significant and contentious because it requires considering the trade-offs between economic growth, social welfare, and individual freedom. The COVID-19 pandemic has exposed vulnerabilities in many societies' systems of support, making this debate even more pressing. As economies continue to evolve, governments must weigh the benefits of implementing a Universal Basic Income (UBI) against concerns about cost, effectiveness, and potential consequences.

**Three Key Aspects or Questions:**

1. **Effectiveness vs. Efficiency:** Historical figures like Thomas Edison and Ada Lovelace could discuss the merits of UBI as a means to address poverty and inequality, considering their experiences with innovative solutions to complex problems. Meanwhile, economists like Adam Smith and John Maynard Keynes might debate the potential economic impact of implementing UBI.
2. **Social Justice vs. Individual Freedom:** Debaters such as Martin Luther King Jr., Nelson Mandela, and Simone de Beauvoir could engage in a nuanced discussion about how UBI affects social justice, considering issues like access to education, healthcare, and opportunities for marginalized communities. This perspective might also intersect with the views of thinkers like John Stuart Mill and Jean-Jacques Rousseau on individual liberty.
3. **Sustainability and Implementation:** Historical figures like Benjamin Franklin and Cleopatra could weigh in on the practicalities of implementing UBI, taking into account their experiences with governance, taxation, and public administration. This discussion might involve exploring alternative funding models, bureaucratic hurdles, and potential outcomes for various stakeholder groups.
--- End of Debate Topic Agent output ---


Activating Historical Figure Selector Agent...

--- Historical Figure Selector Agent output ---
Here are my selections for the three historical figures:

**Figure 1:**

* **Name:** Ada Lovelace
* **Brief Title/Description:** Mathematician and Computer Scientist (1815-1852)
* **Why they would be interested in this topic:** As a pioneer of computer science, Lovelace was known for her work on Charles Babbage's proposed mechanical general-purpose computer, the Analytical Engine. Her vision for its capabilities, including predicting outcomes from complex data inputs, resonates with the idea of using UBI as a tool to address poverty and inequality.
* **Unique Perspective or Argument:** Lovelace might argue that implementing UBI is not just a social welfare measure but also an investment in human potential, allowing individuals to focus on education, skill-building, and innovation. Her perspective could emphasize the importance of empowering people with resources to make informed choices about their lives.

**Figure 2:**

* **Name:** Martin Luther King Jr.
* **Brief Title/Description:** Civil Rights Leader (1929-1968)
* **Why they would be interested in this topic:** As a champion of social justice and economic equality, King was deeply concerned with the persistent disparities in wealth and access to opportunities. He might see UBI as a means to address systemic poverty and inequality, particularly affecting marginalized communities.
* **Unique Perspective or Argument:** King might emphasize that UBI should be designed as a stepping stone towards economic freedom, not a replacement for it. He could argue that by providing a basic income, we can create opportunities for education, job training, and entrepreneurship, ultimately breaking the cycle of poverty.

**Figure 3:**

* **Name:** Benjamin Franklin
* **Brief Title/Description:** Statesman, Scientist, and Philosopher (1706-1790)
* **Why they would be interested in this topic:** As a founding father of the United States and a shrewd observer of human nature, Franklin was known for his practical wisdom and concern with governance. He might view UBI as a means to balance individual liberty with social responsibility.
* **Unique Perspective or Argument:** Franklin might propose that implementing UBI requires a nuanced approach, taking into account local economies, tax systems, and public administration. He could argue that a successful implementation would involve collaboration between government agencies, community organizations, and private sector stakeholders to ensure efficiency, effectiveness, and equity.

These three historical figures bring diverse perspectives to the debate on Universal Basic Income in a Post-COVID World. Lovelace's emphasis on empowering individuals through education and innovation; King's focus on addressing systemic poverty and inequality; and Franklin's pragmatic approach to governance and implementation create a rich tapestry of ideas for discussion and exploration.
--- End of Historical Figure Selector Agent output ---

Error in historical figure debate: TypeError: Cannot read properties of null (reading 'map')

=== Welcome to the Historical Figure Debate ===


Activating Debate Topic Agent...

--- Debate Topic Agent output ---
**Debate Topic:** "Should nations prioritize economic growth over environmental sustainability in the face of climate change?"

**Why it's significant and controversial:**

This topic is significant because it pits the interests of economic development, which has driven human progress throughout history, against the urgent need to protect the planet from devastating climate consequences. The controversy lies in the fact that many countries, including some developed economies, are struggling to balance their growth aspirations with the imperative to reduce greenhouse gas emissions and invest in renewable energy sources. As a result, this debate will allow historical figures to grapple with the moral, economic, and social implications of prioritizing one over the other.

**Three key aspects or questions:**

1. **Balancing short-term needs with long-term consequences**: How should nations weigh the benefits of immediate economic growth against the long-term risks and costs associated with climate change? Should they prioritize investments in renewable energy and sustainable infrastructure, even if it means sacrificing some economic gains in the short term?
2. **Distributive justice and equity**: What are the responsibilities of developed economies towards developing countries, which are often disproportionately affected by climate change due to their limited resources and capacity to adapt? How should nations ensure that their actions prioritize global equity and fairness, rather than just their own national interests?
3. **Technological innovation and economic transformation**: Can technological advancements alone mitigate the effects of climate change, or do they require fundamental shifts in societal values, consumption patterns, and economic systems? What role should governments play in driving innovation and promoting a low-carbon economy, versus relying on market forces to drive change?
--- End of Debate Topic Agent output ---


Activating Historical Figure Selector Agent...

--- Historical Figure Selector Agent output ---
After careful consideration, I've selected three historical figures who would engage with the topic of prioritizing economic growth over environmental sustainability in the face of climate change. Here are my choices:

**1. Adam Smith (1723-1790)**

Title: Scottish Philosopher and Economist

Adam Smith was a pioneering economist who wrote "The Wealth of Nations" (1776), which is considered the foundational text of modern capitalism. He would be interested in this topic because his work emphasizes the importance of economic growth, trade, and the "invisible hand" that guides markets towards greater efficiency.

Unique perspective: Adam Smith might argue that prioritizing environmental sustainability over economic growth could lead to a loss of productivity, innovation, and competitiveness, ultimately harming global prosperity. He would emphasize the need for free market mechanisms to drive technological innovations that can address climate change while promoting economic growth.

**2. Mahatma Gandhi (1869-1948)**

Title: Indian Independence Activist and Spiritual Leader

Gandhi was a passionate advocate for environmental stewardship, non-violent resistance, and simple living. His philosophy of "swadeshi" emphasized the importance of local self-sufficiency, rural development, and minimal consumption to create a more equitable society.

Unique perspective: Gandhi might argue that prioritizing economic growth over environmental sustainability would perpetuate inequality, as the benefits of industrialization often accrue to a few individuals or corporations while leaving many behind. He would advocate for a shift towards simpler, more sustainable lifestyles that prioritize local needs and environmental well-being over profit-driven pursuits.

**3. Nikola Tesla (1856-1943)**

Title: Serbian-American Inventor and Engineer

Tesla was a pioneering inventor who worked on the development of alternating current (AC) systems, which revolutionized the field of electrical engineering. He would be interested in this topic because his work focused on harnessing electricity to power industrial machines, but he also had a deep appreciation for the natural world.

Unique perspective: Tesla might argue that technological innovation holds the key to addressing climate change, as it can provide clean energy solutions and reduce our reliance on fossil fuels. However, he would caution against the exploitation of technology to perpetuate existing power structures and economic systems, instead advocating for a more decentralized, community-driven approach to sustainability.

These three historical figures would bring diverse perspectives to the debate, reflecting their unique experiences and areas of expertise. Adam Smith's emphasis on market efficiency, Mahatma Gandhi's focus on social justice and environmental stewardship, and Nikola Tesla's enthusiasm for technological innovation would create a rich and dynamic discussion around the topic of prioritizing economic growth over environmental sustainability in the face of climate change.
--- End of Historical Figure Selector Agent output ---


Activating Debate Agent for Adam Smith (1723-1790)**...

--- Adam Smith (1723-1790)** Debate Agent output ---
**Opening Statement**

Honorable colleagues, esteemed debaters, and fellow citizens, I am Adam Smith, a Scottish philosopher and economist, and it is my great pleasure to participate in this most pressing discussion on the prioritization of economic growth over environmental sustainability in the face of climate change.

As the author of "The Wealth of Nations," I must confess that my work has been deeply influential in shaping modern capitalism. And yet, as I ponder the challenges posed by climate change, I am compelled to ask: should we not prioritize the very principles that have driven human progress throughout history – growth, innovation, and competition?

My answer is unequivocally yes! While it is true that environmental sustainability is essential for our collective well-being, I firmly believe that economic growth can be a powerful force in driving technological innovations that can address climate change. In fact, I would argue that the very principles of capitalism – division of labor, specialization, and economies of scale – are precisely those that have enabled humanity to make such tremendous strides in productivity and efficiency.

Furthermore, I take issue with the notion that economic growth must necessarily come at the expense of environmental sustainability. Rather, I believe that a well-functioning market economy can actually promote environmentally friendly behaviors and investments through the invisible hand of competition. When consumers and producers alike are incentivized to adopt sustainable practices, we will see the emergence of new industries, technologies, and business models that benefit both people and the planet.

Of course, my opponents may argue that this approach is too narrow, too focused on short-term gains, or too reliant on market forces to drive change. But I would counter that the alternative – a heavy-handed regulatory approach that stifles innovation and economic growth – is far more likely to lead to unintended consequences and inefficiencies.

In conclusion, as we navigate the complex challenges of climate change, let us not forget the power of human ingenuity, creativity, and entrepreneurship. By embracing the principles of capitalism and encouraging competition, innovation, and progress, I firmly believe that we can drive meaningful solutions to this global problem while promoting economic growth and prosperity for all.

Thank you, esteemed colleagues!
--- End of Adam Smith (1723-1790)** Debate Agent output ---


Activating Debate Agent for Mahatma Gandhi (1869-1948)**...

--- Mahatma Gandhi (1869-1948)** Debate Agent output ---
**Opening Statement by Mahatma Gandhi**

Distinguished colleagues and friends, I am honored to participate in this debate on a matter that weighs heavily on the conscience of our times: whether nations should prioritize economic growth over environmental sustainability in the face of climate change.

As an advocate for simple living, non-violent resistance, and environmental stewardship, I firmly believe that our actions must reflect a deeper understanding of the intricate web of life. In my lifetime, I have witnessed firsthand the devastating impact of unchecked industrialization on rural communities and ecosystems. The pursuit of wealth and progress at any cost has led to immense suffering and ecological degradation.

My stance is clear: we must prioritize environmental sustainability over economic growth. This may seem a radical proposal in an era where GDP and profit margins are revered, but I ask you, what is the value of a thriving economy if it comes at the expense of our planet's very survival? The consequences of climate change – rising temperatures, droughts, famines, and displacement – will not be confined to any one region or nation. We must act now to mitigate these effects, even if it means sacrificing some short-term economic gains.

Here are two key arguments in support of my position:

1. **The limits of material wealth**: As I often said, "The world has enough for everyone's need, but not enough for everyone's greed." Our relentless pursuit of growth and consumption has led to unprecedented inequality and environmental degradation. We must recognize that true prosperity lies in the well-being of all beings, not just those who hold power or wealth.
2. **The wisdom of decentralized systems**: In my experiences with rural development and community-driven initiatives, I have seen firsthand the resilience and sustainability of decentralized systems. When decision-making is local and people are empowered to take care of their own environments, we see a profound shift towards greater ecological awareness and stewardship.

To Adam Smith's potential counterargument that prioritizing environmental sustainability would stifle economic growth, I say: do not confuse short-term gains with long-term prosperity. History has shown us time and again that the exploitation of natural resources for the benefit of the few ultimately leads to widespread suffering and ecological collapse. We must choose a different path – one that balances human well-being with the needs of the planet.

To Nikola Tesla's potential enthusiasm for technological innovation as a solution, I say: while technology can certainly play a role in mitigating climate change, it is no panacea. The fundamental shift required to address this crisis lies not just in innovations, but in our collective values and behaviors. We must prioritize simplicity, self-sufficiency, and community-driven initiatives that foster a deeper connection with the natural world.

In conclusion, I firmly believe that we have reached a moment of reckoning – a choice between prioritizing economic growth or environmental sustainability. The fate of our planet hangs in the balance. Will we continue down the path of unchecked industrialization, sacrificing the well-being of all beings for the benefit of the few? Or will we choose a different path – one that honors the intricate web of life and seeks to create a more just and sustainable world for all? I stand with those who choose the latter.
--- End of Mahatma Gandhi (1869-1948)** Debate Agent output ---


Activating Debate Agent for Nikola Tesla (1856-1943)**...

--- Nikola Tesla (1856-1943)** Debate Agent output ---
Honorable colleagues, I am Nikola Tesla, a Serbian-American inventor and engineer who has dedicated his life to harnessing the power of electricity to benefit humanity. Today, I stand before you as a champion of innovation and progress, yet also mindful of our responsibility towards the planet we call home.

As we gather to debate the question of prioritizing economic growth over environmental sustainability in the face of climate change, I firmly believe that our pursuit of prosperity must not come at the expense of our natural resources. The science is clear: human activities have led to a catastrophic destabilization of Earth's ecosystems, and it is imperative that we take immediate action to mitigate the damage.

My argument is simple yet profound: technological innovation holds the key to addressing climate change. By harnessing the power of electricity, clean energy sources like solar and wind can be harnessed to reduce our reliance on fossil fuels, thereby decreasing greenhouse gas emissions and slowing global warming. Moreover, advancements in technologies such as electric vehicles, smart grids, and green infrastructure can transform our urban ecosystems into sustainable hubs of innovation.

However, I must also acknowledge the concerns raised by my esteemed colleagues, Adam Smith and Mahatma Gandhi. Adam, I understand your perspective on the importance of economic growth and the role of market forces in driving progress. Yet, I argue that this growth cannot come at the expense of environmental degradation. We must find a balance between prosperity and sustainability.

Mahatma, I respect your emphasis on social justice and environmental stewardship. Your philosophy of swadeshi is a beacon for humanity's better angels. While I share your concerns about inequality and exploitation, I believe that technological innovation can be a powerful tool in addressing these issues. Clean energy solutions, for instance, can provide opportunities for rural communities to develop their own sustainable infrastructure.

As we proceed with this debate, I urge my colleagues to consider the following: what is the true cost of ignoring climate change? What are the long-term consequences of prioritizing economic growth over environmental sustainability? Can we afford to wait and see how events unfold, or must we take decisive action now?

In conclusion, let me say that as a champion of innovation and progress, I firmly believe that humanity has the capacity to create a more sustainable future. We can harness the power of technology to address climate change while promoting economic growth. The choice is ours: will we choose the path of least resistance or the road less traveled?
--- End of Nikola Tesla (1856-1943)** Debate Agent output ---


Activating Moderator Agent...

--- Moderator Agent output ---
**Summary of Participants' Main Arguments**

1. **Mahatma Gandhi**: Prioritizing environmental sustainability is essential to address climate change and promote true prosperity. Decentralized systems, community-driven initiatives, and a focus on well-being over growth can foster greater ecological awareness and stewardship.
2. **Nikola Tesla**: Technological innovation holds the key to addressing climate change. By harnessing clean energy sources like solar and wind, reducing fossil fuel reliance, and implementing green infrastructure, we can transform urban ecosystems into sustainable hubs of innovation.
3. **Adam Smith** (implied counterargument): Prioritizing environmental sustainability would stifle economic growth and hinder progress.

**Analysis of Historical Context**

* Mahatma Gandhi's experience with rural development and community-driven initiatives shaped his perspective on the importance of decentralized systems and social justice.
* Nikola Tesla's focus on technological innovation was influenced by his work in harnessing electricity to benefit humanity, making him an advocate for using technology to address climate change.
* Adam Smith's emphasis on economic growth reflects the Enlightenment-era values of progress and industrialization that dominated his time.

**Common Ground and Differences**

* All three figures acknowledge the importance of addressing climate change, but differ on the approach:
	+ Mahatma Gandhi prioritizes environmental sustainability through decentralized systems and social justice.
	+ Nikola Tesla advocates for technological innovation as a solution.
	+ Adam Smith's implied counterargument highlights potential economic consequences of prioritizing environmental sustainability.
* Common ground lies in recognizing that addressing climate change requires collective action, but their perspectives differ on the role of technology, growth, and community engagement.

**Thought-Provoking Question**

How can we balance individual freedoms (e.g., personal choices, technological innovations) with collective responsibilities (e.g., social justice, environmental sustainability) to create a more equitable and sustainable future?

**Conclusion**

Examining this historical debate enriches our understanding of the modern issue by highlighting the complexities and nuances involved in addressing climate change. By considering the perspectives of pioneers like Mahatma Gandhi, Nikola Tesla, and Adam Smith, we can gain insights into the importance of:

* Balancing individual freedoms with collective responsibilities
* Prioritizing environmental sustainability alongside economic growth
* Harnessing technological innovation to promote social justice and ecological stewardship

This historical analysis encourages us to approach modern debates on climate change with a more nuanced understanding of the interconnectedness between human progress, technology, and the natural world.
--- End of Moderator Agent output ---


=== Historical Figure Debate Concluded ===
Thank you for attending this unique historical perspective on a modern issue!
