
=== Welcome to the Human-AI Creativity Collaborator System ===


Activating Creative Field Analyst Agent...

--- Creative Field Analyst Agent output ---
**Overview of 3-4 Creative Industries Significantly Impacted by AI**

1. **Visual Arts (Graphic Design, Illustration, Fine Art)**
2. **Music Composition and Production**
3. **Writing (Fiction, Non-Fiction, Content Generation)**
4. **Fashion Design and Pattern Making**

**Industry-Specific Analysis**

### Visual Arts

a) Current AI technologies:

* Generative adversarial networks (GANs) for image synthesis and manipulation
* Neural style transfer for artistic styles and textures
* Automated design tools like Adobe's Sensei, which uses machine learning to suggest design elements and layouts

b) Changing creative processes:

* Designers can use AI-powered tools to generate quick prototypes or explore different design options
* Artists can leverage AI-generated content as a starting point or inspiration for their work
* Increased efficiency in tasks such as color palette creation, typography selection, or layout composition

c) Potential future developments:

* Integration of physical and digital art forms through augmented reality (AR) and virtual reality (VR)
* Development of more sophisticated AI-powered design tools that can anticipate and respond to user needs
* Emergence of new artistic mediums and styles enabled by AI-generated content

### Music Composition and Production

a) Current AI technologies:

* AI-driven music composition and generation tools like Amper Music, AIVA, or Jukedeck's Amper
* Automatic music production and mixing software like LANDR or Audiotool
* AI-powered remixing and editing tools that can analyze and manipulate audio data

b) Changing creative processes:

* Musicians can use AI-generated ideas or patterns as inspiration for their own compositions
* Producers can rely on AI to generate beats, melodies, or entire tracks
* Increased efficiency in tasks such as music transcription, tempo manipulation, or remixing

c) Potential future developments:

* Integration of AI and human collaboration for more complex composition tasks
* Development of AI-powered tools that can analyze and respond to user emotions and preferences
* Emergence of new musical styles and genres enabled by AI-generated content

### Writing (Fiction, Non-Fiction, Content Generation)

a) Current AI technologies:

* AI-driven content generation tools like WordLift or Content Blossom
* Automated writing assistants like Grammarly or ProWritingAid
* Natural language processing (NLP) for text analysis and sentiment detection

b) Changing creative processes:

* Writers can use AI-generated ideas or outlines as a starting point for their work
* Journalists and bloggers can rely on AI-powered tools to generate quick drafts or summaries
* Increased efficiency in tasks such as research, fact-checking, or language translation

c) Potential future developments:

* Integration of human-AI collaboration for more complex writing tasks
* Development of AI-powered tools that can analyze and respond to user tone and style
* Emergence of new literary styles and genres enabled by AI-generated content

### Fashion Design and Pattern Making

a) Current AI technologies:

* AI-driven pattern making and design software like CLO or OptiTex
* Automated garment generation and simulation tools like Fabric Engine
* Virtual try-on and 3D printing for more accurate prototyping and production

b) Changing creative processes:

* Designers can use AI-powered tools to generate quick prototypes or explore different design options
* Increased efficiency in tasks such as color palette creation, textile selection, or layout composition
* Emergence of new fashion styles and trends enabled by AI-generated content

c) Potential future developments:

* Integration of human-AI collaboration for more complex design tasks
* Development of AI-powered tools that can analyze and respond to user preferences and emotions
* Emergence of new fashion materials and technologies enabled by AI-generated patterns and designs.

**General Trends in How AI is Reshaping Creativity Across Industries**

1. **Increased efficiency**: AI-powered tools are streamlining creative processes, allowing humans to focus on high-level tasks that require creativity, intuition, and emotional intelligence.
2. **New forms of collaboration**: Human-AI partnerships are emerging as a new paradigm for creative work, with AI providing support and augmentation for human creatives.
3. **Emergence of new styles and genres**: AI-generated content is enabling the creation of new artistic mediums, styles, and genres that were previously unimaginable.
4. **Redefining the role of creativity**: As AI takes over routine tasks, humans are being freed to focus on more complex, high-level creative work that requires imagination, innovation, and emotional intelligence.

**Potential Challenges and Opportunities for Human Creators in an AI-Enhanced Creative Landscape**

1. **Embracing change and adaptability**: Human creatives must learn to work alongside AI tools and be open to new forms of collaboration.
2. **Focusing on high-level creative tasks**: Humans can focus on tasks that require creativity, intuition, and emotional intelligence, while leaving routine tasks to AI.
3. **Developing new skills and expertise**: Human creatives must develop skills in areas like human-AI collaboration, data analysis, and critical thinking.
4. **Exploring new business models and revenue streams**: The rise of AI-generated content is creating new opportunities for human creatives to monetize their work in innovative ways.

These insights will inform the development of human-AI creative partnerships and provide a foundation for exploring the potential benefits and challenges of this emerging landscape.
--- End of Creative Field Analyst Agent output ---


Activating Collaboration Model Designer Agent...

--- Collaboration Model Designer Agent output ---
**Human-AI Creative Partnership Model (HACPM)**

### General Framework

1. **Define Clear Goals and Objectives**: Establish a shared understanding of the project's scope, timeline, and deliverables.
2. **Establish Human-AI Roles and Responsibilities**: Clearly define the roles and responsibilities of both human creators and AI in the creative process.
3. **Integrate AI Tools at Different Stages**: Incorporate AI tools at various stages of creation, such as ideation, production, and refinement.
4. **Monitor Progress and Adjust**: Regularly review project progress, address any challenges or conflicts that arise, and make adjustments as needed.
5. **Foster Open Communication**: Encourage open and transparent communication between human creators and AI to ensure a smooth collaboration.

### Industry-Specific Collaboration Strategies

#### 1. Visual Arts (Graphic Design, Illustration, Fine Art)

* **AI-powered Research Assistant**: Use AI tools like Adobe Sensei to research and generate ideas for new artistic styles or techniques.
* **Human-AI Co-Creation**: Collaborate with AI to create intricate designs, patterns, or textures that would be difficult or time-consuming for humans to produce alone.
* **AI-driven Color Palette Creation**: Utilize AI algorithms to generate color palettes that are visually appealing and aligned with the desired aesthetic.

#### 2. Music Composition and Production

* **AI-powered Melody Generator**: Use AI tools like Amper Music to generate melodies, harmonies, or even entire songs that can serve as a starting point for human composers.
* **Human-AI Collaboration**: Work alongside AI to refine and perfect musical compositions, ensuring they meet the desired standards of creativity and quality.
* **AI-driven Remixing and Editing**: Utilize AI algorithms to remix or edit existing music tracks, generating new and unique soundscapes.

#### 3. Writing (Fiction, Non-Fiction, Content Generation)

* **AI-powered Research Assistant**: Use AI tools like WordLift to research and generate ideas for articles, stories, or other written content.
* **Human-AI Co-Creation**: Collaborate with AI to write engaging and informative content that meets the desired tone and style.
* **AI-driven Grammar and Language Analysis**: Utilize AI algorithms to analyze grammar, language, and syntax, ensuring that written content is free of errors and flows smoothly.

### Roles and Responsibilities

1. **Human Creators**:
	* Provide creative vision, direction, and oversight
	* Ensure the project meets its goals and objectives
	* Collaborate with AI in the creative process
2. **AI**:
	* Assist human creators in research, ideation, production, and refinement
	* Generate ideas, suggestions, or even entire drafts for human consideration
	* Analyze data, provide insights, and offer recommendations to inform human decision-making

### Methods for Integrating AI Tools

1. **Early Stage Integration**: Incorporate AI tools at the beginning of the creative process to generate ideas, research, or suggest concepts.
2. **Mid-Project Integration**: Utilize AI algorithms during the production phase to refine, perfect, and optimize creative work.
3. **Refinement Phase Integration**: Employ AI tools in the final stages of creation to ensure that the project meets its goals, is free of errors, and flows smoothly.

### Strategies for Maintaining Human Creative Vision

1. **Establish Clear Goals and Objectives**: Define a shared understanding of the project's scope, timeline, and deliverables.
2. **Human Oversight**: Ensure human creators maintain oversight and control throughout the creative process.
3. **Regular Feedback and Review**: Regularly review progress with both humans and AI to address any challenges or conflicts that arise.

### Approaches to Handle Potential Conflicts

1. **Open Communication**: Foster open and transparent communication between humans and AI to prevent misunderstandings.
2. **Clear Roles and Responsibilities**: Establish clear roles and responsibilities for both human creators and AI to avoid confusion.
3. **Regular Review and Feedback**: Regularly review project progress with both humans and AI to address any challenges or conflicts that arise.

### Training and Preparation

1. **Human Creators**:
	* Develop skills in areas like human-AI collaboration, data analysis, and critical thinking
	* Learn to effectively communicate with AI tools
2. **AI**:
	* Continuously learn and improve through machine learning algorithms and updates
	* Be designed to understand and respond to human feedback and direction

This Human-AI Creative Partnership Model (HACPM) provides a framework for effective collaboration between humans and AI in various creative industries, ensuring that both parties can work together seamlessly to produce high-quality and innovative content.
--- End of Collaboration Model Designer Agent output ---


Activating Novelty Evaluation Agent...

--- Novelty Evaluation Agent output ---
**Framework for Evaluating Novelty in Human-AI Collaborative Creations**

### **Criteria for Assessing Uniqueness**

1. **Innovative Combination of Elements**: Identify whether the creation represents a new or unusual combination of existing elements, such as styles, techniques, or themes.
2. **Originality of Concept**: Determine if the concept behind the creation is fresh and unique, even if the execution is not entirely novel.
3. **Technical Innovation**: Assess whether the creation showcases advanced technical skills, tools, or software that demonstrate a high level of proficiency.
4. **Emotional Resonance**: Evaluate how well the creation evokes emotions, empathy, or understanding in the audience, and whether it adds a new layer of depth to the creative field.

### **Methods for Comparing Human-AI Outputs**

1. **Human Expert Panels**: Assemble panels of experts in specific creative fields to evaluate the novelty of human-AI creations against existing works.
2. **AI-Powered Evaluation Tools**: Develop AI-powered tools that can analyze and compare human-AI outputs with purely human or purely AI creations, using metrics such as technical innovation, originality, and emotional resonance.
3. **Statistical Analysis**: Use statistical methods to identify patterns and trends in creative outputs, comparing human-AI collaborations with other types of creative works.

### **Approaches for Distinguishing Technical Novelty from Creative Novelty**

1. **Technical Expertise Evaluation**: Assess the technical skills and knowledge demonstrated by the creation, considering factors such as software proficiency, algorithmic complexity, or hardware understanding.
2. **Creative Context Understanding**: Evaluate how well the creation fits within its creative context, taking into account the existing body of work in the field, cultural references, and artistic traditions.
3. **Originality Indexing**: Develop an originality indexing system to measure the uniqueness of a creation, considering factors such as style, technique, theme, or concept.

### **Potential Challenges in Evaluating Novelty**

1. **Subjectivity**: Human evaluation of novelty is inherently subjective, making it challenging to reach consensus among experts.
2. **Contextual Dependence**: The context in which a creation is presented can greatly impact its perceived novelty, requiring consideration of factors such as audience, medium, and cultural background.
3. **Evolving Creative Fields**: As creative fields evolve, new standards and expectations emerge, making it essential to regularly reassess what constitutes novelty.

### **Implementation Ideas**

1. **Develop AI-Powered Evaluation Tools**: Create software that can analyze and compare human-AI outputs with other types of creative works, providing a more objective assessment of novelty.
2. **Establish Human Expert Panels**: Assemble panels of experts in specific creative fields to evaluate the novelty of human-AI creations against existing works, ensuring diverse perspectives and expertise.
3. **Create Novelty Indexing Systems**: Develop systems that can measure and quantify novelty in creative outputs, facilitating more objective evaluation and comparison.

### **Balancing Novelty with Other Creative Aspects**

1. **Emphasis on Meaningfulness**: Prioritize meaningfulness as a key aspect of creativity, ensuring that novel creations also have depth and resonance.
2. **Integration with Craftsmanship**: Combine technical skill and craftsmanship with novelty to produce high-quality creative outputs.
3. **Focus on Authenticity**: Emphasize authenticity in creative processes, ensuring that novel creations are genuine expressions of the artist's vision rather than mere attempts at innovation.

By considering these factors and ideas, you can develop a framework for evaluating the novelty of human-AI collaborative creations, taking into account the complexities and nuances of this emerging field.
--- End of Novelty Evaluation Agent output ---


=== Human-AI Creativity Collaboration Analysis Complete ===
Explore the insights on AI's impact on creative industries, collaboration models, and novelty evaluation above!
