
=== Welcome to the Multiverse News Network ===


Activating Alternate History Agent...

--- Alternate History Agent output ---
Here's a description of a parallel universe:

**Universe:** "Nemesis"

**Divergence point:**
The divergence point is the **Battle of Britain** in 1940. In this universe, the German air campaign against the United Kingdom was more successful, and the British Expeditionary Force (BEF) was defeated, allowing Germany to establish a beachhead on British soil.

**Overview:**
This change led to a swift German occupation of the UK, which in turn allowed Nazi Germany to focus its resources on conquering Western Europe without significant resistance. The war ended with a negotiated peace in 1943, giving Germany control over most of Europe and setting the stage for a long-term expansionist agenda.

**Current year:**
The current year in this universe is **2025**.

**Differences:**

1. **Technology:** In Nemesis, the rapid development of military technology was accelerated by the German occupation of Britain, leading to the widespread adoption of advanced AI-powered surveillance systems and robotic warfare units across Europe.
2. **Global politics:** The dominant superpower in this universe is a German-led coalition, with China and other Eastern powers forming a loose alliance to counterbalance the West. This has led to a fundamentally different balance of power and economic dynamics compared to our own universe.

In Nemesis, the very fabric of international relations and technological progress has been reshaped by the alternate outcome of World War II.
--- End of Alternate History Agent output ---


Activating News Reporter Agent...

--- News Reporter Agent output ---
**Nemesis News Network**

**Date:** March 15, 2025

**Breaking News:**

1. **"GERMAN LEADERSHIP REAFFIRMS COMMITMENT TO 'EUROPEAN UNION' AMID RISE OF EASTERN ALLIANCE"**

In a high-level address to the German Bundestag, Chancellor Helmut Krieger reiterated his government's dedication to strengthening the European Union and promoting economic integration across the continent. This comes as tensions rise between Western Europe and the emerging Eastern Alliance, led by China. Analysts suggest that Germany is seeking to maintain its position as a dominant economic power while navigating the complex geopolitics of the Nemesis universe.

2. **"AI-POWERED SURVEILLANCE SYSTEMS DEPLOYED ACROSS EUROPE TO ENHANCE PUBLIC SAFETY"**

In a bid to boost public safety and reduce crime rates, authorities in Europe have rolled out advanced AI-powered surveillance systems across major cities. These cutting-edge systems utilize facial recognition technology and predictive analytics to identify potential security threats. Critics argue that the increased surveillance capabilities infringe on individual freedoms, while proponents claim it's essential for maintaining law and order.

3. **"ENVIROMENTAL CONCERNS RAISED AS 'GREEN ENERGY REVOLUTION' FALTERS IN NEMESIS"**

Despite concerted efforts to transition to green energy sources in Nemesis, the environmental impact of industrialization and technological advancements has begun to take a toll on the planet. Rising greenhouse gas emissions, pollution, and habitat destruction have sparked widespread concern among scientists, activists, and policymakers. As Europe grapples with these pressing issues, it remains unclear whether the region will adopt more sustainable practices or continue down the path of environmentally unfriendly growth.

**Stay informed about the latest developments in Nemesis – tune in to our next broadcast for more news updates!**
--- End of News Reporter Agent output ---


Activating Commentary Agent...

--- Commentary Agent output ---
**Multiversal Commentary: A Glimpse into Nemesis**

As we gaze upon the parallel universe of Nemesis, one striking difference becomes apparent: the divergent outcome of World War II has reshaped global politics, technology, and environmental dynamics. In this alternate reality, Germany's swift occupation of Britain led to a negotiated peace in 1943, giving rise to a German-led coalition as the dominant superpower.

The accelerated development of military technology, particularly AI-powered surveillance systems and robotic warfare units, has transformed the fabric of international relations. The increased reliance on these technologies has led to a fundamentally different balance of power, with Western Europe now facing a strong Eastern Alliance led by China.

Looking ahead, it's likely that Nemesis will continue down a path of escalating technological advancements, potentially leading to further polarization between the West and East. As environmental concerns deepen, we may see a renewed focus on sustainability in Europe, but it remains uncertain whether this will be driven by genuine commitment or pragmatic necessity.

A thought-provoking question arises: What if our universe had similarly diverged from the course of history? Would we now find ourselves grappling with the consequences of accelerated technological progress and shifting global power dynamics? The multiverse whispers secrets, reminding us that every path not taken has its own stories to tell.
--- End of Commentary Agent output ---


=== Multiverse News Broadcast Complete ===
Thank you for tuning into the Multiverse News Network!

=== Welcome to the Multiverse News Network ===


Activating Alternate History Agent...

--- Alternate History Agent output ---
**Parallel Universe: "The Pacific Imperium"**

**Divergence Point:** The Japanese defeat of Russian forces at the Battle of Port Arthur (1894-1895) led to a successful war with Russia, resulting in Japan gaining control of Manchuria and the strategic rail line connecting it to China.

**Course of History:** With this new territory, Japan rapidly expanded its influence in Asia, establishing the "Pacific Imperium" – a vast network of trade routes, vassal states, and colonies stretching from Korea to Indonesia. This shift enabled Japan to become the dominant power in East Asia, shaping global politics and economies.

**Current Year:** 2025

**Major Differences:**

1. **Advanced Energy Grids**: In this universe, the rapid industrialization of Japan led to breakthroughs in renewable energy technologies, particularly advanced solar panels and hydrogen fuel cells. As a result, the Pacific Imperium boasts an extensive network of clean, efficient, and interconnected energy grids.
2. **Pacific Economic Union (PEU)**: Unlike our world's European-led globalization, the PEU has become a dominant economic force, rivaling the might of the United States. Japan's control over key trade routes and strategic territories enables the PEU to dictate global commerce, finance, and innovation.

These differences have created a unique set of geopolitical dynamics, where the Pacific Imperium plays a central role in shaping international relations, energy production, and economic development.
--- End of Alternate History Agent output ---


Activating News Reporter Agent...

--- News Reporter Agent output ---
**Pacific Imperium News Network (PNN) - 2025**

**Breaking News**

### **1. "Renewable Revolution: Japan's Energy Grid Sets New Global Standard"**

Japanese scientists have made a groundbreaking discovery in advanced solar panel technology, increasing energy efficiency by 30% while reducing production costs by 25%. This breakthrough is expected to accelerate the global adoption of renewable energy sources and solidify Japan's position as a leader in clean tech innovation. The Pacific Imperium has pledged to integrate this new technology into its vast energy grid, further cementing its reputation as a champion of sustainability.

### **2. "Pacific Economic Union (PEU) Expands Trade Reach with Indonesia Deal"**

In a major coup for the PEU, Japan has signed a landmark trade agreement with Indonesia, expanding the Imperium's economic influence in Southeast Asia. This deal will create new investment opportunities, foster greater regional cooperation, and strengthen ties between key member states. The PEU's ambassador to Indonesia hailed this development as a significant step forward for the bloc, emphasizing its commitment to promoting free trade and economic growth throughout the Pacific.

### **3. "Manchurian Revival: Japan Unveils Major Urban Renewal Project"**

The Japanese government has announced an ambitious urban renewal project in Manchuria, aiming to transform the historic city of Shenyang into a hub for innovation, culture, and tourism. This initiative includes significant investments in infrastructure development, cultural institutions, and education facilities, aimed at revitalizing the region's economic and social fabric. The Pacific Imperium sees this project as an opportunity to reassert its influence in Manchuria and demonstrate its commitment to the long-term growth of its vassal state.

That concludes today's special report from the Pacific Imperium News Network (PNN). Stay tuned for further updates on these developing stories and other key events shaping global politics, economies, and culture.
--- End of News Reporter Agent output ---


Activating Commentary Agent...

--- Commentary Agent output ---
**Commentary: "The Pacific Imperium's Sustainability Revolution"**

In analyzing the report from the Pacific Imperium News Network (PNN), one major difference that stands out is the remarkable advancement in renewable energy technologies within this universe. Japan's breakthroughs in advanced solar panels and hydrogen fuel cells have enabled the Pacific Imperium to establish an extensive network of clean, efficient, and interconnected energy grids.

This achievement has significant implications for our understanding of how alternative historical paths can lead to divergent technological developments. The rapid industrialization of Japan, facilitated by its strategic victories over Russia, has created a unique context for innovation in this universe. The resulting emphasis on sustainable energy solutions is not only a testament to the Pacific Imperium's commitment to environmental stewardship but also a paradigm-shifting example of how different global dynamics can shape technological progress.

Looking ahead, it's intriguing to speculate about potential future developments in this alternate reality. As the Pacific Economic Union (PEU) continues to expand its trade reach and influence, one possibility is that Japan will further solidify its position as a leader in clean tech innovation, potentially driving a new wave of sustainability-driven economic growth throughout the Imperium.

However, another question arises: what might be the long-term implications of this universe's divergent historical path on the global balance of power? Will the Pacific Imperium's dominance over key trade routes and strategic territories create a stable equilibrium, or will it lead to new forms of competition and conflict with other nations?

A thought-provoking question in light of these developments is: How might our understanding of the complex interplay between historical events, technological advancements, and global politics be influenced by this multiverse, where different outcomes can yield such distinct consequences?
--- End of Commentary Agent output ---


=== Multiverse News Broadcast Complete ===
Thank you for tuning into the Multiverse News Network!
