
=== Welcome to the Recipe Fusion Challenge ===


Activating Cuisine Selector Agent...

--- Cuisine Selector Agent output ---
What a delightful challenge! After careful consideration, I've selected two cuisines that offer exciting contrasts and potential harmonies:

**Cuisine 1: Peruvian Ceviche**

* **Key characteristics:** Bright, zesty flavors; emphasis on fresh seafood, citrus-marinated meats, and crunchy textures. Ingredients often include aji amarillo peppers, garlic, ginger, cilantro, and lime juice.
* **Signature dishes:**
	+ Classic Ceviche Clásico: raw fish marinated in citrus juices with onions, tomatoes, and aji amarillo peppers.
	+ Tiradito Nikkei: a sashimi-style dish featuring thinly sliced beef or fish marinated in a mixture of soy sauce, vinegar, and spices.

**Cuisine 2: Ethiopian Tibs**

* **Key characteristics:** Hearty, spicy flavors; emphasis on stews (wats) and stir-fries with tender meat, aromatic spices, and rich sauces. Ingredients often include berbere chili powder, garlic, ginger, onions, and niter kibbeh (clarified butter).
* **Signature dishes:**
	+ Tibs: a spicy stir-fry of sautéed beef or lamb, onions, and peppers, seasoned with berbere spices.
	+ Misir Wot: a red lentil stew flavored with onions, garlic, ginger, and berbere spices.

The Peruvian Ceviche and Ethiopian Tibs cuisines have some fascinating contrasts that make them perfect for fusion:

* **Flavor profiles:** The bright, citrusy flavors of Peruvian cuisine clash intriguingly with the rich, spicy, and slightly sweet flavors of Ethiopian cuisine.
* **Ingredient similarities:** Both cuisines feature bold spices, garlic, ginger, and onions as fundamental flavor components.
* **Cultural differences:** These two cuisines come from vastly different cultural backgrounds, allowing for a fascinating blend of Andean, Spanish, and African influences.

By combining the freshness and zing of Peruvian ceviche with the hearty, spicy flavors of Ethiopian Tibs, we can create a truly unique fusion dish that showcases the beauty of contrasting culinary traditions.
--- End of Cuisine Selector Agent output ---


Activating Fusion Concept Agent...

--- Fusion Concept Agent output ---
**Fusion Dish Concept:**

Introducing "Tibsceviche" - a vibrant, zesty fusion dish that brings together the best of Peruvian ceviche and Ethiopian Tibs. This innovative creation combines the freshness and acidity of citrus-marinated seafood with the hearty, spicy flavors of berbere-seasoned meats. By marrying these two distinct cuisines, we've created a dish that's both familiar and excitingly new.

**Key Components:**

* **Main Ingredients:**
	+ Peruvian Ceviche: fresh catch of the day (such as halibut or sea bass), mixed with citrus juices, onions, tomatoes, aji amarillo peppers, cilantro, and lime juice.
	+ Ethiopian Tibs: berbere-spiced beef or lamb, cooked with onions, garlic, ginger, and niter kibbeh (clarified butter).
* **Innovative Techniques:**
	+ Aji Amarillo Berbere Rub: blend the bold flavors of aji amarillo peppers with berbere spices to create a unique rub for the meats.
	+ Niter Kibbeh Ceviche Marinade: infuse the citrus marinade with the richness and depth of niter kibbeh, adding a new dimension to the dish.

**Preparation Method:**

1. Marinate the seafood in the citrus marinade with aji amarillo peppers for 30 minutes.
2. Prepare the berbere-spiced beef or lamb by mixing it with the Aji Amarillo Berbere Rub and cooking it in a wok-style pan with niter kibbeh until browned and cooked through.
3. To assemble Tibsceviche, place a portion of the berbere-spiced meat on a plate or platter, top it with the citrus-marinated seafood, and garnish with cilantro, onions, and a squeeze of lime juice.

**Tips and Variations:**

* For added texture, toss in some crispy plantain chips or toasted corn kernels to mimic the crunchy elements found in Peruvian cuisine.
* To balance the spiciness, serve Tibsceviche with a dollop of creamy yogurt or a side of mild salsa.
* Experiment with different types of seafood or meats to find your perfect combination.

In this fusion dish, we've taken the essence of Peruvian ceviche and Ethiopian Tibs, blending their bold flavors and textures in a harmonious way. By embracing the contrasts between these two cuisines, we've created something entirely new yet familiar – a true reflection of culinary innovation.
--- End of Fusion Concept Agent output ---


Activating Recipe Creator Agent...

--- Recipe Creator Agent output ---
**Tibsceviche Recipe**

**Servings:** 4-6 people

**Estimated Preparation Time:** 45 minutes

**Estimated Cooking Time:** 20 minutes

**Special Equipment Needed:**

* Wok-style pan or large skillet
* Food processor or blender for Aji Amarillo Berbere Rub
* Cutting board and sharp knife for preparing ingredients
* Glass or ceramic bowl for marinating seafood

**Ingredients:**

For the Peruvian Ceviche:

* 1 pound fresh catch of the day (halibut or sea bass), cut into small pieces
* 2 aji amarillo peppers, seeded and chopped
* 1/4 cup freshly squeezed lime juice
* 1/4 cup chopped red onion
* 1 tomato, diced
* 1 tablespoon chopped cilantro
* Salt and pepper to taste

For the Ethiopian Tibs:

* 1 pound beef or lamb (cut into small pieces), cooked with berbere spices
* Aji Amarillo Berbere Rub (see below)
* 2 tablespoons niter kibbeh (clarified butter)
* 1 onion, chopped
* 3 cloves garlic, minced
* 1 tablespoon grated ginger

For the Aji Amarillo Berbere Rub:

* 4 aji amarillo peppers, seeded and chopped
* 2 tablespoons berbere spice blend
* 1 tablespoon ground cumin
* Salt and pepper to taste

**Step-by-Step Cooking Instructions:**

1. **Prepare the Aji Amarillo Berbere Rub:** In a food processor or blender, combine the chopped aji amarillo peppers, berbere spice blend, ground cumin, salt, and pepper. Process until smooth and well combined.
2. **Marinate the Seafood:** In a glass or ceramic bowl, combine the seafood pieces, lime juice, chopped onion, diced tomato, cilantro, salt, and pepper. Stir gently to combine. Let marinate for 30 minutes in the refrigerator.
3. **Prepare the Ethiopian Tibs:** Heat the niter kibbeh in a wok-style pan over medium-high heat. Add the beef or lamb pieces, onions, garlic, and ginger. Cook until browned and cooked through.
4. **Assemble the Tibsceviche:** To assemble, place a portion of the berbere-spiced meat on a plate or platter. Top with the citrus-marinated seafood. Garnish with additional cilantro, chopped onion, and a squeeze of lime juice.

**Tips for Presentation:**

* Arrange the ingredients in a visually appealing way.
* Consider adding crispy plantain chips or toasted corn kernels to add texture and visual interest.
* Garnish with fresh herbs and edible flowers (such as microgreens) if desired.

**Beverage Pairing Suggestion:**

Pair Tibsceviche with a refreshing **Peruvian Pisco Sour**, made with pisco, lime juice, simple syrup, and an egg white. The citrusy flavors of the ceviche will complement the creamy texture of the egg white, while the bold flavor of the berbere spices will pair nicely with the crispness of the pisco.

**Optional Variations:**

* Substitute different types of seafood (such as shrimp or tilapia) for a unique flavor profile.
* Experiment with various types of meats (such as goat or chicken) for added texture and flavor.
* Add some heat to your Tibsceviche by incorporating diced jalapeños or serrano peppers into the marinade.
--- End of Recipe Creator Agent output ---


Activating Culinary Reviewer Agent...

--- Culinary Reviewer Agent output ---
**Review:**

The Tibsceviche fusion concept is a bold and intriguing combination of Peruvian ceviche and Ethiopian Tibs. The dish's vibrant colors, fresh flavors, and harmonious blend of citrusy zing and hearty spices make it an appealing choice for adventurous eaters. The inclusion of Aji Amarillo Berbere Rub adds a unique twist to the traditional berbere spice blend, elevating the dish to new heights. Overall, Tibsceviche is a creative and mouth-watering fusion that showcases the beauty of culinary innovation.

**Analysis:**

Tibsceviche successfully combines elements from both Peruvian ceviche and Ethiopian Tibs, marrying their distinct flavors and textures in a harmonious way. The citrus-marinated seafood and berbere-spiced meat complement each other beautifully, with the bold spices of the Aji Amarillo Berbere Rub adding an exciting twist to the traditional berbere flavor profile. While some might find the combination too experimental, fans of fusion cuisine will appreciate the innovative take on traditional flavors.

**Creativity: 8/10**

Tibsceviche's creativity lies in its unique blend of Peruvian and Ethiopian flavors, which results in a dish that is both familiar and exotic at the same time. The use of Aji Amarillo Berbere Rub adds an exciting layer to the traditional berbere flavor profile, making it stand out from other fusion dishes.

**Predicted Tastiness: 7/10**

While Tibsceviche has the potential to be a hit among adventurous eaters, its predictability might suffer due to the bold combination of flavors. Some might find the Aji Amarillo Berbere Rub overpowering or too spicy, while others will appreciate the added depth and complexity it brings.

**Suggestions for Improvement:**

1. **Balance**: Adjust the amount of berbere spices in the marinade to balance out the bold flavor.
2. **Texture**: Consider adding some crunchy elements, like toasted almonds or crispy onions, to add texture contrast.
3. **Variations**: Experiment with different types of seafood or meats to create unique flavor profiles.

**Rating:**

Creativity: 8/10
Predicted Tastiness: 7/10

Overall rating: 7.5/10
--- End of Culinary Reviewer Agent output ---


=== Recipe Fusion Challenge Completed ===
Bon appétit! Enjoy your unique fusion creation!
