
=== Creating a time travel brochure for Ancient Rome, 1st century AD ===


Activating Historian Agent for Ancient Rome, 1st century AD...

--- Historian Agent output ---
Welcome, time-traveling tourists! I'm delighted to introduce you to the vibrant world of Ancient Rome in the 1st century AD, a period of remarkable transformation and achievement. As we explore this era together, you'll experience firsthand the grandeur, innovation, and daily life of the Romans.

**Key Events:**

1. **The Pax Romana (27 BC - 180 AD)**: A time of relative peace and stability under Roman rule, marked by extensive trade, cultural exchange, and infrastructure development.
2. **The Reign of Augustus (27 BC - 14 AD)**: The foundation of the Principate system, which established Rome as a unified empire with a strong, central authority.
3. **The Conquests of Trajan (98-117 AD)**: A series of military campaigns that expanded Roman dominions to their greatest extent, stretching from Britain to Egypt.

**Famous Figures:**

1. **Augustus Caesar**: The first Emperor of Rome, known for his wisdom, leadership, and vision.
2. **Trajan**: A charismatic leader who oversaw the empire's expansion and established a reputation as a just and fair ruler.
3. **Seneca the Younger**: A Stoic philosopher, statesman, and playwright who was advisor to Nero (37-68 AD) and later exiled for his criticisms of the emperor.

**Unique Experiences:**

1. **Attend a Roman Games**: Witness thrilling events like chariot racing, gladiatorial combat, and beast hunts at the Colosseum or Circus Maximus.
2. **Visit the Imperial Palace**: Explore the opulent residences of Augustus, Trajan, and other emperors, featuring grand halls, gardens, and artistic treasures.
3. **Walk through a Roman Market**: Browse vendors selling fresh produce, wine, and artisanal goods in bustling marketplaces like the Forum Romanum or Trajan's Market.
4. **Dine at a Thermopolis (Food Stall)**: Sample local delicacies and drinks, such as garum (fish sauce), olives, and posca (vinegar-based beverage).
5. **Attend a Roman Theater Performance**: Enjoy a play or musical performance by renowned actors, musicians, and poets in the ancient theaters of Rome.
6. **Visit a Roman Bathhouse**: Relax and socialize at one of the many bathhouses scattered throughout the city, featuring hot springs, exercise areas, and communal spaces.

**Cultural Aspects:**

1. **Latin Language and Literature**: Experience the vibrant literary scene of Ancient Rome, where famous authors like Cicero, Virgil, and Ovid wrote influential works.
2. **Roman Art and Architecture**: Marvel at the grandeur of ancient monuments, such as the Pantheon, Colosseum, and Roman Forum, which showcased innovative engineering and artistic skills.
3. **Greek and Roman Culture Exchange**: Witness the blending of Greek and Roman cultures, resulting in a rich cultural heritage that continues to inspire art, literature, and architecture today.

In this 1st century AD world of Ancient Rome, time-traveling tourists will discover a dynamic society marked by remarkable achievements in politics, culture, and technology. Get ready for an unforgettable journey through the triumphs and tribulations of one of history's greatest civilizations!
--- End of Historian Agent output ---


Activating Attraction Designer Agent...

--- Attraction Designer Agent output ---
Here are three unique attractions or experiences for time-traveling tourists in Ancient Rome:

**Attraction 1: "Roman Dreams" - A Nighttime Spectacular at the Circus Maximus**

Imagine witnessing a breathtaking display of light, sound, and acrobatic feats under the stars at the iconic Circus Maximus. This nighttime spectacular, "Roman Dreams," is an immersive experience that combines ancient Roman traditions with modern pyrotechnics.

**Experience Highlights:**

* Watch as hundreds of torches are lit in unison, casting a golden glow over the stadium.
* Marvel at the aerial acrobats performing death-defying stunts on flying chariots and trapezes.
* Enjoy the mesmerizing display of firework-like effects, with bursts of colored light illuminating the night sky.
* Be treated to a live musical performance by Roman musicians playing ancient instruments, such as the lyre and flute.

**Duration:** 2 hours (including a 30-minute interlude for food and drink)

**Cost:** Included in the time-traveling tourist package (optional upgrade to VIP seating available)

**Attraction 2: "The Artisan's Workshop" - A Hands-on Experience in Trajan's Market**

Step into the bustling marketplace of Trajan's Market, where vendors sell everything from fresh produce to artisanal goods. But this is more than just a shopping experience – it's an opportunity to learn and create like a true Roman artisan.

**Experience Highlights:**

* Learn the art of pottery-making from a skilled artisan, who will guide you through the process of shaping and firing clay vessels.
* Watch as artisans demonstrate their expertise in weaving and textiles, with a chance to try your hand at creating your own woven patterns.
* Visit the workshops of Trajan's Market's most skilled craftsmen, including blacksmiths, goldsmiths, and silversmiths.

**Duration:** 3 hours (including time for food and drink)

**Cost:** Included in the time-traveling tourist package (optional upgrade to a private workshop session available)

**Attraction 3: "The Oracle's Chamber" - A Journey of Self-Discovery**

In this enigmatic experience, visitors will embark on a journey of self-discovery within the mysterious Oracle's Chamber. Located deep beneath the Roman Forum, this ancient temple is said to hold secrets and wisdom from the gods.

**Experience Highlights:**

* Explore the labyrinthine corridors and chambers, adorned with cryptic symbols and murals depicting ancient myths.
* Encounter an enigmatic oracle who will guide you through a series of philosophical and introspective exercises, designed to unlock your inner potential.
* Participate in a ritual of self-reflection, where you'll be encouraged to confront your own fears, desires, and aspirations.

**Duration:** 4 hours (including time for meditation and contemplation)

**Cost:** Included in the time-traveling tourist package (optional upgrade to a private oracle session available)
--- End of Attraction Designer Agent output ---


Activating Safety Advisor Agent...

--- Safety Advisor Agent output ---
As a time travel safety expert, I'm happy to provide three essential safety tips for tourists visiting Ancient Rome:

**Tip 1: Avoid Interacting with Historical Figures**

While it may be tempting to meet and greet with famous Roman leaders like Julius Caesar or Cleopatra, avoid any interactions that could potentially disrupt the course of history. These individuals are key players in shaping the timeline, and any interference could have unintended consequences. Stick to observing from a distance, and remember: if you're not meant to know them, don't get too close.

**Tip 2: Be Mindful of Your Surroundings (Literally)**

Ancient Rome is a bustling metropolis with narrow streets, crowded marketplaces, and limited sanitation facilities. As a time traveler, it's essential to be aware of your surroundings at all times. Watch for potential hazards like uneven cobblestone roads, open sewers, and overhanging structures that could collapse at any moment. Avoid getting too close to fire pits, ovens, or other sources of intense heat, as they can easily spark a conflagration.

**Tip 3: Respect the Local Culture (and Don't Bring Any...Unconventional Items)**

When visiting Ancient Rome, it's crucial to respect local customs and traditions. Avoid bringing any items that could be considered sacrilegious or subversive, such as modern technology, written materials from your own time, or anything that might be perceived as a threat to the established social order. Be mindful of local etiquette, dress modestly, and avoid engaging in behaviors that might be considered taboo or immoral.

By following these safety tips, you'll ensure a safe and enjoyable trip through Ancient Rome without disrupting the timeline or putting yourself at risk.
--- End of Safety Advisor Agent output ---


Activating Marketing Agent...

--- Marketing Agent output ---
Here's a catchy slogan and a brief, exciting paragraph for the brochure:

**Slogan:** "Step into the Past, Unleash the Adventure!"

**Brochure Paragraph:**

"Are you ready to immerse yourself in the grandeur of Ancient Rome? Look no further! Our time-traveling tourist package offers an unparalleled experience that will transport you back to the 1st century AD. Witness a breathtaking display of light and sound at the iconic Circus Maximus with our "Roman Dreams" nighttime spectacular, get hands-on in the artisanal workshops of Trajan's Market, or embark on a journey of self-discovery within the enigmatic Oracle's Chamber.

**Experience Highlights:**

* Marvel at the aerial acrobats performing death-defying stunts on flying chariots and trapezes
* Learn the art of pottery-making from skilled artisans in Trajan's Market
* Explore the labyrinthine corridors and chambers of the Oracle's Chamber, adorned with cryptic symbols and murals depicting ancient myths

**Safety First:**

Don't worry – we've got you covered! As a time travel safety expert, I'm happy to provide three essential safety tips for tourists visiting Ancient Rome:

1. Avoid interacting with historical figures to prevent disrupting the timeline
2. Be mindful of your surroundings, avoiding potential hazards like uneven cobblestone roads and open sewers
3. Respect local culture by dressing modestly and avoiding behaviors that might be considered taboo or immoral

Join us on this unforgettable adventure through Ancient Rome – book your time-traveling tourist package today!"

Let me know if you'd like to make any adjustments!
--- End of Marketing Agent output ---


=== Time Travel Brochure Creation Complete! ===
Combine the outputs above to create your full brochure.

=== Creating a time travel brochure for Minnesota, USA, 2050 ===


Activating Historian Agent for Minnesota, USA, 2050...

--- Historian Agent output ---
Welcome to 2050s Minnesota! As a historian, I'm thrilled to share with you the highlights of this era, which will give you a glimpse into a fascinating chapter in our state's history.

**Key Events:**

1. **The Great Lake Revival**: In 2035, a catastrophic storm ravaged the Upper Midwest, causing widespread damage and flooding along Lake Superior's shoreline. The state responded with unprecedented resilience, investing heavily in green infrastructure and sustainable development projects that transformed the region.
2. **Electrification of Transportation**: By 2040, Minnesota had become a leader in electric vehicle adoption, making it an ideal destination for eco-conscious tourists. You can explore the state's scenic byways and parks while reducing your carbon footprint.
3. **Rise of Indigenous Tourism**: In response to growing demand, indigenous communities along the Mississippi River began developing authentic cultural experiences, including traditional powwows, crafts workshops, and historic site tours.

**Figures:**

1. **Governor Zayda**: A pioneering leader who championed environmental justice, Governor Zayda implemented policies that not only protected Minnesota's natural resources but also promoted inclusive economic growth.
2. **Dr. Maria Rodriguez**: A renowned climate scientist, Dr. Rodriguez led the state's efforts to develop and implement cutting-edge solutions for mitigating and adapting to climate change.

**Unique Experiences:**

1. **Explore the Green Corridor**: Take a guided tour along the revitalized Lake Superior shoreline, where you'll discover innovative green spaces, sustainable architecture, and inspiring stories of resilience.
2. **Immerse Yourself in Indigenous Culture**: Visit one of the many powwows or cultural festivals hosted by indigenous communities, where you can learn traditional dances, crafts, and enjoy local cuisine.
3. **Ride the Electric Highway**: Embark on a scenic drive along Minnesota's famous North Shore Drive, now powered entirely by electric vehicles. You'll experience breathtaking views while supporting sustainable transportation.

**Must-Visit Attractions:**

1. **The Great River Bridge**: A stunning pedestrian bridge connecting Minneapolis to St. Paul, offering panoramic views of the Mississippi River.
2. **The Museum of the Environment**: A world-class institution showcasing Minnesota's environmental history and commitment to sustainability.
3. **The Indigenous Cultural Center**: An immersive experience featuring traditional crafts, art, and storytelling from the state's rich indigenous heritage.

**Insider Tips:**

1. **Visit during peak powwow season (June-September)** for an unforgettable experience of vibrant colors, music, and cultural exchange.
2. **Book a guided tour with a local expert** to gain deeper insights into Minnesota's history, environment, and indigenous culture.
3. **Pack eco-friendly essentials**, such as reusable water bottles and bags, to reduce your carbon footprint during your stay.

Welcome to 2050s Minnesota – where resilience meets innovation, and the great outdoors is just a breath away!
--- End of Historian Agent output ---


Activating Attraction Designer Agent...

--- Attraction Designer Agent output ---
Here are three unique attractions or experiences for time-traveling tourists visiting 2050s Minnesota:

**Attraction 1: "The Aurora Arc" - A Light Show on the Lake**

Location: Duluth, Lake Superior Shoreline

Experience the breathtaking beauty of the Northern Lights in a completely new way. The Aurora Arc is an immersive light show projected onto the lake's surface, mimicking the mesmerizing patterns and colors of the aurora borealis. This magical display is made possible by cutting-edge LED technology and data from NASA's space weather forecasting system.

As tourists float on specially designed boats or stand on the shore, they'll be surrounded by an ethereal glow that seems to dance across the water. The show is accompanied by an immersive soundscape of gentle waves, whispers of Native American stories, and snippets of classical music.

**Experience 2: "The Eco-Hive" - A Sustainable Eco-Village**

Location: Ely, North Shore Drive

In this pioneering eco-village, tourists can live like a 2050s Minnesotan for a day or two. The Eco-Hive is a series of interconnected, sustainable homes made from locally sourced materials and cutting-edge green technologies. Each home has its own mini-farm, where visitors can grow their own fruits and veggies using innovative hydroponic systems.

The village is powered entirely by renewable energy sources, including solar panels, wind turbines, and geothermal systems. Guests will learn about the latest advancements in sustainable living, get hands-on experience with eco-friendly practices, and enjoy a farm-to-table dinner made from locally sourced ingredients.

**Attraction 3: "The Time-Traveler's Trail" - A Historical Hike**

Location: Minneapolis, Mississippi River Valley

Embark on an unforgettable adventure through time as you hike the Time-Traveler's Trail. This carefully curated path takes tourists on a journey through Minnesota's rich history, from the ancient civilizations of Native American tribes to the modern-day innovations that make 2050s Minnesota so unique.

Along the way, visitors will encounter interpretive exhibits, interactive displays, and immersive experiences that bring the state's fascinating past to life. The trail culminates at a stunning overlook with panoramic views of the Mississippi River and the Minneapolis skyline. As tourists take in the breathtaking vistas, they'll receive a personalized "time-traveler's certificate" commemorating their journey through Minnesota's history.
--- End of Attraction Designer Agent output ---


Activating Safety Advisor Agent...

--- Safety Advisor Agent output ---
As a time travel safety expert, I'd like to emphasize that visiting 2050s Minnesota requires attention to specific safety protocols to prevent disruptions to the timeline and potential harm to yourself or others. Here are three essential safety tips for tourists:

**Safety Tip 1: Minimize Your Presence**

When visiting any of these attractions, it's crucial to minimize your presence in the timeline. Avoid interacting with locals or engaging in activities that might disrupt the course of events leading up to 2050s Minnesota.

* When visiting The Aurora Arc, avoid discussing the science behind it with locals, as this might influence their understanding and interpretation of the phenomenon.
* In The Eco-Hive, refrain from sharing your knowledge of future sustainable practices, which could accelerate or alter the pace of eco-friendly innovations.
* On The Time-Traveler's Trail, do not reveal any information about historical events or figures that you've visited in other timelines. This will help preserve the authenticity and accuracy of the exhibits.

**Safety Tip 2: Follow Local Protocols**

Be aware of local protocols and regulations at each attraction. Failure to comply can result in negative consequences for yourself and others.

* In The Aurora Arc, follow the designated boat routes and avoid swimming or wading in Lake Superior's waters, as this might disrupt the local ecosystem.
* At The Eco-Hive, respect the property boundaries and do not attempt to harvest crops or resources without permission from the site administrators.
* On The Time-Traveler's Trail, stay on marked paths and avoid interacting with any artifacts, exhibits, or visitors that are off-limits.

**Safety Tip 3: Monitor Your Energy Signature**

As a time traveler, your energy signature can potentially affect the timeline. To prevent disruptions, monitor your energy levels and adjust your presence accordingly.

* When visiting The Aurora Arc, ensure you're not emitting excessive electromagnetic radiation, which could interfere with the light show or interact with nearby electronic devices.
* In The Eco-Hive, avoid generating excessive heat signatures, as this might disrupt the delicate balance of the sustainable ecosystems.
* On The Time-Traveler's Trail, be mindful of your footsteps and movement patterns to prevent unintended changes to the terrain or local wildlife habitats.

By following these essential safety tips, you'll minimize the risk of disrupting the timeline and ensure a safe, enjoyable experience for yourself and others in 2050s Minnesota.
--- End of Safety Advisor Agent output ---


Activating Marketing Agent...

--- Marketing Agent output ---
**Catchy Slogan:** "Time Travel to the Future of Fun: Experience 2050s Minnesota like Never Before!"

**Brochure Paragraph:**

Get ready to blast off into the ultimate adventure through time! Visit 2050s Minnesota, a future world where technology meets nature and innovation knows no bounds. Explore three thrilling attractions that will make your heart sing:

Immerse yourself in the breathtaking beauty of "The Aurora Arc" - a light show projected onto Lake Superior's surface, mimicking the mesmerizing patterns and colors of the Northern Lights. Specially designed boats or shore-based viewing areas ensure an unforgettable experience.

Live like a 2050s Minnesotan for a day (or two!) at "The Eco-Hive", a pioneering eco-village showcasing sustainable living practices. Interconnected homes, mini-farms, and cutting-edge green technologies await your arrival. Enjoy farm-to-table dinners made from locally sourced ingredients and get hands-on experience with eco-friendly practices.

Step back in time on "The Time-Traveler's Trail" - an unforgettable journey through Minnesota's rich history. Carefully curated exhibits, interactive displays, and immersive experiences bring the state's fascinating past to life. Panoramic views of the Mississippi River and Minneapolis skyline await at the trail's stunning overlook.

**Safety Reminder:**

As a time travel safety expert, I'd like to emphasize that visiting 2050s Minnesota requires attention to specific safety protocols to prevent disruptions to the timeline and potential harm to yourself or others. Follow these essential safety tips:

1. **Minimize Your Presence**: Avoid interacting with locals or engaging in activities that might disrupt the course of events leading up to 2050s Minnesota.
2. **Follow Local Protocols**: Be aware of local regulations at each attraction, and respect property boundaries and off-limits areas.
3. **Monitor Your Energy Signature**: Adjust your presence accordingly to prevent disruptions caused by excessive electromagnetic radiation or heat signatures.

By following these safety tips, you'll ensure a safe and enjoyable experience for yourself and others in 2050s Minnesota!
--- End of Marketing Agent output ---


=== Time Travel Brochure Creation Complete! ===
Combine the outputs above to create your full brochure.

=== Creating a time travel brochure for Buenos Aires, Argentina, 1920s ===


Activating Historian Agent for Buenos Aires, Argentina, 1920s...

--- Historian Agent output ---
What an exciting era! The 1920s in Buenos Aires were a time of great cultural, economic, and social change, marked by the city's rapid growth into a cosmopolitan metropolis. As a historian, I'd be delighted to guide you through this vibrant period.

**Key Events:**

1. **The Roaring Twenties' economic boom**: The 1920s saw Buenos Aires become one of the wealthiest cities in South America, with a growing middle class and an influx of immigrants from Europe.
2. **The rise of tango**: Tango music and dance became an integral part of Argentine culture, with legendary musicians like Carlos Gardel and Roberto Firpo dominating the scene.
3. **Women's liberation**: The 1920s marked a significant shift in women's rights, with many suffragettes fighting for equal rights and participating in politics.

**Notable Figures:**

1. **Eva Perón (Evita)**: The legendary actress and politician was a key figure in Buenos Aires' cultural scene, known for her charismatic stage presence and activism.
2. **Jorge Luis Borges**: The famous writer, poet, and philosopher was a prominent literary figure, with his unique blend of surrealism and philosophical introspection captivating the city's intellectuals.

**Unique Experiences:**

1. **Take a tango lesson**: Learn the traditional Argentine dance from a master instructor at one of the many dance halls (salones de baile) in the city.
2. **Visit the legendary Café Tortoni**: This iconic café was a gathering spot for writers, artists, and intellectuals, offering an atmosphere reminiscent of Parisian cafes.
3. **Explore the vibrant neighborhoods**: Walk through the colorful streets of La Boca, San Telmo, or Montserrat, where you'll find lively street performers, tango dancers, and a mix of old and new architecture.

**Insider Tips:**

1. **Attend a traditional milonga (tango dance hall)**: Places like Club Groucho or Cabaret Buenos Aires offer an immersive experience, with live music and authentic atmosphere.
2. **Visit the Museo Nacional de Bellas Artes**: This museum is home to an impressive collection of Argentine art, including works by leading artists like Antonio Berni.
3. **Try a traditional asado**: Experience the city's famous barbecue culture at a local parrilla (grill) or restaurant.

**Time-Traveling Tips:**

1. **Dress in style**: Men should wear fedoras and stylish suits, while women can opt for flapper dresses and elegant headdresses.
2. **Be prepared for the vibrant nightlife**: The city comes alive at night, with live music and dancing until the early hours.
3. **Learn some basic Spanish phrases**: Immerse yourself in the local culture by learning a few essential words and expressions.

As you step into Buenos Aires' 1920s scene, remember to be open-minded, curious, and prepared for an unforgettable experience!
--- End of Historian Agent output ---


Activating Attraction Designer Agent...

--- Attraction Designer Agent output ---
What a thrilling task! Based on the historical context of 1920s Buenos Aires, I've designed three unique attractions or experiences for time-traveling tourists:

**1. "The Tango Temptress" Experience**

Location: A replica of a 1920s dance hall in La Boca neighborhood

Description: Step into the sultry world of tango with this immersive experience. Time-traveling tourists will be greeted by a stunning flapper-style hostess who will introduce them to the legendary Carlos Gardel himself. With his charisma and charm, Gardel will teach the guests a traditional tango lesson, complete with period-perfect attire and props.

The highlight of the evening will be a live performance by a troupe of expert tango dancers, accompanied by a talented band playing the music of the era. As the night unfolds, the atmosphere will become increasingly seductive, with the scent of cigarette smoke and champagne filling the air. The guests will be encouraged to join in the dance, making for an unforgettable night of tango passion.

**2. "The Artistic Salon" Immersive Experience**

Location: A recreation of Jorge Luis Borges' favorite café, Café Tortoni

Description: Time-traveling tourists will step into a replica of Café Tortoni, where they'll be surrounded by the literary and artistic salons of 1920s Buenos Aires. The experience begins with a tour of the café's interior, featuring an impressive collection of books and artwork inspired by Borges' unique style.

As guests explore the salon, they'll encounter several characters from the era, including writers, artists, and intellectuals who will engage them in conversations about literature, philosophy, and politics. The highlight of the evening will be a live reading by a talented performer, accompanied by a musical performance that captures the essence of the city's artistic scene.

**3. "The Asado Adventure" Experience**

Location: A traditional Argentine parrilla (grill) in a hidden courtyard

Description: Time-traveling tourists will embark on an unforgettable culinary adventure with this immersive experience. Guests will be transported to a secluded courtyard, where they'll find themselves surrounded by the sights and smells of a traditional Argentine asado.

The highlight of the evening will be a live grilling demonstration by a master parrillero (grill chef), who will teach the guests how to prepare an authentic asado, complete with period-perfect utensils and ingredients. As they savor the delicious flavors of the grilled meats, the guests will also enjoy traditional Argentine folk music and dance, making for an unforgettable evening of culinary delight.

Each experience has been carefully crafted to transport time-traveling tourists into the vibrant world of 1920s Buenos Aires, where they'll be immersed in the sights, sounds, and sensations of a bygone era.
--- End of Attraction Designer Agent output ---


Activating Safety Advisor Agent...

--- Safety Advisor Agent output ---
As a Time Travel Safety Expert, I'm pleased to provide the following essential safety tips for tourists visiting 1920s Buenos Aires:

**1. Respect Local Customs and Traditions**

When participating in cultural experiences like "The Tango Temptress" or "The Artistic Salon," remember that you're not just a tourist, but also a guest in another time period. Be mindful of local customs, dress codes, and etiquette. For example:

* In a tango dance hall, avoid disrupting the performances or touching the dancers' costumes.
* When attending an artistic salon, be respectful of the intellectuals and writers present. Engage in conversations, but don't dominate them.

**2. Avoid Interacting with Key Historical Figures**

While it may be tempting to meet famous figures like Carlos Gardel or Jorge Luis Borges, avoid engaging in prolonged conversations or asking for their personal stories. These interactions could potentially disrupt the timeline:

* Keep your interactions brief and polite when meeting famous individuals. Don't ask them about sensitive topics or events that might affect the course of history.
* Refrain from taking photographs or recording conversations with key historical figures. This can help prevent any potential consequences on the timeline.

**3. Be Cautious When Interacting with Locals**

When interacting with locals, be aware of your surroundings and avoid drawing attention to yourself. Some locals might not appreciate the presence of time-traveling tourists:

* Avoid discussing topics like politics or social issues that were sensitive during the 1920s.
* Refrain from offering unsolicited advice or sharing knowledge from a future era. This can be perceived as condescending or even arrogant.

By following these essential safety tips, tourists will be able to enjoy their experiences in 1920s Buenos Aires without disrupting the timeline. Remember, time travel requires respect for the local culture and careful consideration of one's actions.
--- End of Safety Advisor Agent output ---


Activating Marketing Agent...

--- Marketing Agent output ---
Here's a catchy slogan and a brief, exciting paragraph for the brochure:

**Slogan:** "Step into the Past, Savor the Flavor!"

**Brochure Paragraph:**

"Welcome to Buenos Aires, 1920s - the Paris of South America! Immerse yourself in the vibrant city that was once the hub of Argentine culture, art, and music. Our Time-Traveling Experiences will transport you back to an era of opulence, passion, and creativity.

Join us for:

* "The Tango Temptress" Experience: Sway to the rhythm of tango with Carlos Gardel himself as your guide.
* "The Artistic Salon" Immersive Experience: Engage in literary and artistic salons with Jorge Luis Borges' favorite café as your backdrop.
* "The Asado Adventure" Experience: Savor the flavors of a traditional Argentine asado, complete with period-perfect utensils and ingredients.

As a Time Travel Safety Expert, don't worry - we've got you covered! Our essential safety tips will ensure that you respect local customs, traditions, and historical figures. With us, you'll be an honorary member of 1920s Buenos Aires society. Come for the tango, stay for the memories!"

And here's a revised version with the safety tips included:

**Slogan:** "Step into the Past, Savor the Flavor!"

**Brochure Paragraph:**

"Welcome to Buenos Aires, 1920s - the Paris of South America! Immerse yourself in the vibrant city that was once the hub of Argentine culture, art, and music. Our Time-Traveling Experiences will transport you back to an era of opulence, passion, and creativity.

Join us for:

* "The Tango Temptress" Experience: Sway to the rhythm of tango with Carlos Gardel himself as your guide.
* "The Artistic Salon" Immersive Experience: Engage in literary and artistic salons with Jorge Luis Borges' favorite café as your backdrop.
* "The Asado Adventure" Experience: Savor the flavors of a traditional Argentine asado, complete with period-perfect utensils and ingredients.

As a Time Travel Safety Expert, we want to ensure that you have an unforgettable experience in 1920s Buenos Aires. To do so safely, remember:

* Respect local customs and traditions. Be mindful of dress codes, etiquette, and cultural norms.
* Avoid interacting with key historical figures or asking for their personal stories. Keep your interactions brief and polite.
* Refrain from taking photographs or recording conversations with locals, especially those who might be sensitive to the presence of time-traveling tourists.

With these safety tips in mind, you'll be ready to immerse yourself in the wonders of 1920s Buenos Aires. Come for the tango, stay for the memories!
--- End of Marketing Agent output ---


=== Time Travel Brochure Creation Complete! ===
Combine the outputs above to create your full brochure.
